{"meta": {"format": 3, "version": "7.16.1", "timestamp": "2026-09-26T19:54:29.894043", "branch_coverage": false, "show_contexts": false}, "files": {"src\\__init__.py": {"executed_lines": [9, 11, 12, 13, 15, 17, 18, 19, 24, 26, 27, 28, 30, 31, 37, 49, 57, 58, 59, 60, 61, 62, 64, 71, 77, 88, 90, 91, 92, 93, 94, 95], "summary": {"covered_lines": 32, "num_statements": 34, "percent_covered": 94.11764705882354, "percent_covered_display": "94", "missing_lines": 2, "excluded_lines": 2, "percent_statements_covered": 94.11764705882354, "percent_statements_covered_display": "94"}, "missing_lines": [32, 39], "excluded_lines": [51, 52], "functions": {"get_danmaku_class": {"executed_lines": [58, 59, 60, 61, 62, 64, 71], "summary": {"covered_lines": 7, "num_statements": 7, "percent_covered": 100.0, "percent_covered_display": "100", "missing_lines": 0, "excluded_lines": 0, "percent_statements_covered": 100.0, "percent_statements_covered_display": "100"}, "missing_lines": [], "excluded_lines": [], "start_line": 57}, "get_danmaku_collector": {"executed_lines": [88, 90, 91, 92, 93, 94, 95], "summary": {"covered_lines": 7, "num_statements": 7, "percent_covered": 100.0, "percent_covered_display": "100", "missing_lines": 0, "excluded_lines": 0, "percent_statements_covered": 100.0, "percent_statements_covered_display": "100"}, "missing_lines": [], "excluded_lines": [], "start_line": 77}, "": {"executed_lines": [9, 11, 12, 13, 15, 17, 18, 19, 24, 26, 27, 28, 30, 31, 37, 49, 57, 77], "summary": {"covered_lines": 18, "num_statements": 20, "percent_covered": 90.0, "percent_covered_display": "90", "missing_lines": 2, "excluded_lines": 2, "percent_statements_covered": 90.0, "percent_statements_covered_display": "90"}, "missing_lines": [32, 39], "excluded_lines": [51, 52], "start_line": 1}}, "classes": {"": {"executed_lines": [9, 11, 12, 13, 15, 17, 18, 19, 24, 26, 27, 28, 30, 31, 37, 49, 57, 58, 59, 60, 61, 62, 64, 71, 77, 88, 90, 91, 92, 93, 94, 95], "summary": {"covered_lines": 32, "num_statements": 34, "percent_covered": 94.11764705882354, "percent_covered_display": "94", "missing_lines": 2, "excluded_lines": 2, "percent_statements_covered": 94.11764705882354, "percent_statements_covered_display": "94"}, "missing_lines": [32, 39], "excluded_lines": [51, 52], "start_line": 1}}}, "src\\ab_sign.py": {"executed_lines": [7, 8, 9, 10, 11, 14, 16, 19, 20, 21, 22, 25, 26, 27, 28, 29, 30, 31, 32, 34, 37, 39, 40, 43, 45, 46, 47, 48, 50, 53, 55, 56, 57, 58, 60, 63, 66, 67, 68, 69, 71, 74, 76, 78, 79, 80, 81, 83, 85, 86, 87, 89, 91, 93, 95, 97, 98, 100, 102, 105, 107, 108, 109, 110, 112, 113, 115, 117, 120, 121, 122, 125, 129, 130, 131, 134, 135, 136, 139, 140, 142, 144, 145, 148, 151, 152, 153, 156, 157, 158, 159, 162, 163, 166, 168, 169, 170, 171, 172, 174, 175, 176, 177, 178, 179, 180, 181, 184, 185, 186, 187, 188, 189, 190, 191, 193, 197, 198, 199, 201, 204, 205, 208, 210, 213, 214, 215, 216, 217, 218, 219, 221, 222, 225, 227, 236, 237, 239, 241, 242, 243, 245, 247, 249, 250, 251, 254, 257, 259, 261, 264, 266, 269, 270, 271, 273, 276, 278, 279, 281, 289, 302, 303, 305, 308, 309, 310, 311, 313, 316, 324, 325, 327, 328, 332, 334, 336, 337, 339, 344, 354, 361, 363, 366, 367, 368, 369, 370, 371, 372, 375, 376, 377, 378, 379, 381, 382, 384, 385, 386, 388, 389, 390, 391, 392, 395, 396, 397, 398, 399, 400, 403, 404, 405, 406, 407, 408, 409, 410, 413, 415, 416, 417, 418, 419, 421, 422, 423, 424, 425, 428, 429, 430, 431, 433, 434, 435, 438, 485, 531, 532, 534, 537, 539, 544], "summary": {"covered_lines": 245, "num_statements": 246, "percent_covered": 99.59349593495935, "percent_covered_display": "99", "missing_lines": 1, "excluded_lines": 0, "percent_statements_covered": 99.59349593495935, "percent_statements_covered_display": "99"}, "missing_lines": [126], "excluded_lines": [], "functions": {"rc4_encrypt": {"executed_lines": [16, 19, 20, 21, 22, 25, 26, 27, 28, 29, 30, 31, 32, 34], "summary": {"covered_lines": 14, "num_statements": 14, "percent_covered": 100.0, "percent_covered_display": "100", "missing_lines": 0, "excluded_lines": 0, "percent_statements_covered": 100.0, "percent_statements_covered_display": "100"}, "missing_lines": [], "excluded_lines": [], "start_line": 14}, "left_rotate": {"executed_lines": [39, 40], "summary": {"covered_lines": 2, "num_statements": 2, "percent_covered": 100.0, "percent_covered_display": "100", "missing_lines": 0, "excluded_lines": 0, "percent_statements_covered": 100.0, "percent_statements_covered_display": "100"}, "missing_lines": [], "excluded_lines": [], "start_line": 37}, "get_t_j": {"executed_lines": [45, 46, 47, 48, 50], "summary": {"covered_lines": 5, "num_statements": 5, "percent_covered": 100.0, "percent_covered_display": "100", "missing_lines": 0, "excluded_lines": 0, "percent_statements_covered": 100.0, "percent_statements_covered_display": "100"}, "missing_lines": [], "excluded_lines": [], "start_line": 43}, "ff_j": {"executed_lines": [55, 56, 57, 58, 60], "summary": {"covered_lines": 5, "num_statements": 5, "percent_covered": 100.0, "percent_covered_display": "100", "missing_lines": 0, "excluded_lines": 0, "percent_statements_covered": 100.0, "percent_statements_covered_display": "100"}, "missing_lines": [], "excluded_lines": [], "start_line": 53}, "gg_j": {"executed_lines": [66, 67, 68, 69, 71], "summary": {"covered_lines": 5, "num_statements": 5, "percent_covered": 100.0, "percent_covered_display": "100", "missing_lines": 0, "excluded_lines": 0, "percent_statements_covered": 100.0, "percent_statements_covered_display": "100"}, "missing_lines": [], "excluded_lines": [], "start_line": 63}, "SM3.__init__": {"executed_lines": [78, 79, 80, 81], "summary": {"covered_lines": 4, "num_statements": 4, "percent_covered": 100.0, "percent_covered_display": "100", "missing_lines": 0, "excluded_lines": 0, "percent_statements_covered": 100.0, "percent_statements_covered_display": "100"}, "missing_lines": [], "excluded_lines": [], "start_line": 76}, "SM3.reset": {"executed_lines": [85, 86, 87], "summary": {"covered_lines": 3, "num_statements": 3, "percent_covered": 100.0, "percent_covered_display": "100", "missing_lines": 0, "excluded_lines": 0, "percent_statements_covered": 100.0, "percent_statements_covered_display": "100"}, "missing_lines": [], "excluded_lines": [], "start_line": 83}, "SM3.write": {"executed_lines": [91, 93, 95, 97, 98, 100, 102, 105, 107, 108, 109, 110, 112, 113], "summary": {"covered_lines": 14, "num_statements": 14, "percent_covered": 100.0, "percent_covered_display": "100", "missing_lines": 0, "excluded_lines": 0, "percent_statements_covered": 100.0, "percent_statements_covered_display": "100"}, "missing_lines": [], "excluded_lines": [], "start_line": 89}, "SM3._fill": {"executed_lines": [117, 120, 121, 122, 125, 129, 130, 131, 134, 135, 136, 139, 140], "summary": {"covered_lines": 13, "num_statements": 14, "percent_covered": 92.85714285714286, "percent_covered_display": "93", "missing_lines": 1, "excluded_lines": 0, "percent_statements_covered": 92.85714285714286, "percent_statements_covered_display": "93"}, "missing_lines": [126], "excluded_lines": [], "start_line": 115}, "SM3._compress": {"executed_lines": [144, 145, 148, 151, 152, 153, 156, 157, 158, 159, 162, 163, 166, 168, 169, 170, 171, 172, 174, 175, 176, 177, 178, 179, 180, 181, 184, 185, 186, 187, 188, 189, 190, 191], "summary": {"covered_lines": 34, "num_statements": 34, "percent_covered": 100.0, "percent_covered_display": "100", "missing_lines": 0, "excluded_lines": 0, "percent_statements_covered": 100.0, "percent_statements_covered_display": "100"}, "missing_lines": [], "excluded_lines": [], "start_line": 142}, "SM3.sum": {"executed_lines": [197, 198, 199, 201, 204, 205, 208, 210, 213, 214, 215, 216, 217, 218, 219, 221, 222], "summary": {"covered_lines": 17, "num_statements": 17, "percent_covered": 100.0, "percent_covered_display": "100", "missing_lines": 0, "excluded_lines": 0, "percent_statements_covered": 100.0, "percent_statements_covered_display": "100"}, "missing_lines": [], "excluded_lines": [], "start_line": 193}, "result_encrypt": {"executed_lines": [227, 236, 237, 239, 241, 242, 243, 245, 247, 249, 250, 251, 254, 257, 259, 261], "summary": {"covered_lines": 16, "num_statements": 16, "percent_covered": 100.0, "percent_covered_display": "100", "missing_lines": 0, "excluded_lines": 0, "percent_statements_covered": 100.0, "percent_statements_covered_display": "100"}, "missing_lines": [], "excluded_lines": [], "start_line": 225}, "get_long_int": {"executed_lines": [266, 269, 270, 271, 273], "summary": {"covered_lines": 5, "num_statements": 5, "percent_covered": 100.0, "percent_covered_display": "100", "missing_lines": 0, "excluded_lines": 0, "percent_statements_covered": 100.0, "percent_statements_covered_display": "100"}, "missing_lines": [], "excluded_lines": [], "start_line": 264}, "gener_random": {"executed_lines": [278, 279, 281], "summary": {"covered_lines": 3, "num_statements": 3, "percent_covered": 100.0, "percent_covered_display": "100", "missing_lines": 0, "excluded_lines": 0, "percent_statements_covered": 100.0, "percent_statements_covered_display": "100"}, "missing_lines": [], "excluded_lines": [], "start_line": 276}, "generate_random_str": {"executed_lines": [302, 303, 305, 308, 309, 310, 311, 313], "summary": {"covered_lines": 8, "num_statements": 8, "percent_covered": 100.0, "percent_covered_display": "100", "missing_lines": 0, "excluded_lines": 0, "percent_statements_covered": 100.0, "percent_statements_covered_display": "100"}, "missing_lines": [], "excluded_lines": [], "start_line": 289}, "generate_rc4_bb_str": {"executed_lines": [324, 325, 327, 328, 332, 334, 336, 337, 339, 344, 354, 361, 366, 367, 368, 369, 370, 371, 372, 375, 376, 377, 378, 379, 381, 382, 384, 385, 386, 388, 389, 390, 391, 392, 395, 396, 397, 398, 399, 400, 403, 404, 405, 406, 407, 408, 409, 410, 413, 415, 416, 417, 418, 419, 421, 422, 423, 424, 425, 428, 429, 430, 431, 433, 434, 435, 438, 485, 531, 532, 534], "summary": {"covered_lines": 71, "num_statements": 71, "percent_covered": 100.0, "percent_covered_display": "100", "missing_lines": 0, "excluded_lines": 0, "percent_statements_covered": 100.0, "percent_statements_covered_display": "100"}, "missing_lines": [], "excluded_lines": [], "start_line": 316}, "generate_rc4_bb_str.split_to_bytes": {"executed_lines": [363], "summary": {"covered_lines": 1, "num_statements": 1, "percent_covered": 100.0, "percent_covered_display": "100", "missing_lines": 0, "excluded_lines": 0, "percent_statements_covered": 100.0, "percent_statements_covered_display": "100"}, "missing_lines": [], "excluded_lines": [], "start_line": 361}, "ab_sign": {"executed_lines": [539, 544], "summary": {"covered_lines": 2, "num_statements": 2, "percent_covered": 100.0, "percent_covered_display": "100", "missing_lines": 0, "excluded_lines": 0, "percent_statements_covered": 100.0, "percent_statements_covered_display": "100"}, "missing_lines": [], "excluded_lines": [], "start_line": 537}, "": {"executed_lines": [7, 8, 9, 10, 11, 14, 37, 43, 53, 63, 74, 76, 83, 89, 115, 142, 193, 225, 264, 276, 289, 316, 537], "summary": {"covered_lines": 23, "num_statements": 23, "percent_covered": 100.0, "percent_covered_display": "100", "missing_lines": 0, "excluded_lines": 0, "percent_statements_covered": 100.0, "percent_statements_covered_display": "100"}, "missing_lines": [], "excluded_lines": [], "start_line": 1}}, "classes": {"SM3": {"executed_lines": [78, 79, 80, 81, 85, 86, 87, 91, 93, 95, 97, 98, 100, 102, 105, 107, 108, 109, 110, 112, 113, 117, 120, 121, 122, 125, 129, 130, 131, 134, 135, 136, 139, 140, 144, 145, 148, 151, 152, 153, 156, 157, 158, 159, 162, 163, 166, 168, 169, 170, 171, 172, 174, 175, 176, 177, 178, 179, 180, 181, 184, 185, 186, 187, 188, 189, 190, 191, 197, 198, 199, 201, 204, 205, 208, 210, 213, 214, 215, 216, 217, 218, 219, 221, 222], "summary": {"covered_lines": 85, "num_statements": 86, "percent_covered": 98.83720930232558, "percent_covered_display": "99", "missing_lines": 1, "excluded_lines": 0, "percent_statements_covered": 98.83720930232558, "percent_statements_covered_display": "99"}, "missing_lines": [126], "excluded_lines": [], "start_line": 74}, "": {"executed_lines": [7, 8, 9, 10, 11, 14, 16, 19, 20, 21, 22, 25, 26, 27, 28, 29, 30, 31, 32, 34, 37, 39, 40, 43, 45, 46, 47, 48, 50, 53, 55, 56, 57, 58, 60, 63, 66, 67, 68, 69, 71, 74, 76, 83, 89, 115, 142, 193, 225, 227, 236, 237, 239, 241, 242, 243, 245, 247, 249, 250, 251, 254, 257, 259, 261, 264, 266, 269, 270, 271, 273, 276, 278, 279, 281, 289, 302, 303, 305, 308, 309, 310, 311, 313, 316, 324, 325, 327, 328, 332, 334, 336, 337, 339, 344, 354, 361, 363, 366, 367, 368, 369, 370, 371, 372, 375, 376, 377, 378, 379, 381, 382, 384, 385, 386, 388, 389, 390, 391, 392, 395, 396, 397, 398, 399, 400, 403, 404, 405, 406, 407, 408, 409, 410, 413, 415, 416, 417, 418, 419, 421, 422, 423, 424, 425, 428, 429, 430, 431, 433, 434, 435, 438, 485, 531, 532, 534, 537, 539, 544], "summary": {"covered_lines": 160, "num_statements": 160, "percent_covered": 100.0, "percent_covered_display": "100", "missing_lines": 0, "excluded_lines": 0, "percent_statements_covered": 100.0, "percent_statements_covered_display": "100"}, "missing_lines": [], "excluded_lines": [], "start_line": 1}}}, "src\\async_http.py": {"executed_lines": [4, 5, 6, 7, 8, 9, 11, 13, 15, 16, 17, 19, 20, 23, 36, 39, 40, 48, 51, 54, 59, 60, 61, 62, 64, 67, 74, 83, 91, 92, 93, 98, 99, 100, 101, 104, 106, 107, 108, 109, 111, 112, 113, 114, 134, 135, 136, 139, 140, 143, 144, 150, 153, 162, 163, 164, 167, 169, 170, 171, 179, 189, 190, 191, 192, 193, 194, 195, 196, 197, 198, 199, 200, 201, 205, 206, 209, 212, 221, 222, 223, 224, 228, 229, 230, 231, 232, 233, 241, 242, 243, 244, 247, 255, 256, 257, 258, 259, 272, 275, 278, 281, 282, 283, 284, 285, 288, 291, 292, 295, 296, 297, 298, 299, 301, 310, 311, 312, 325, 342, 343, 344, 348, 362, 363, 370, 371, 372, 373, 383, 386, 397, 398, 400, 401, 409, 410, 420, 429, 432, 433, 434, 435, 436, 438, 440, 441, 442, 450, 451, 452, 458, 466, 468, 471, 498, 500, 501, 503, 504, 505, 508, 526, 527, 529, 534, 535, 536, 539, 546, 547, 555, 556, 557, 558, 559, 560, 567, 568, 571, 572, 574, 583, 584, 592, 593, 597, 605], "summary": {"covered_lines": 188, "num_statements": 213, "percent_covered": 88.26291079812206, "percent_covered_display": "88", "missing_lines": 25, "excluded_lines": 0, "percent_statements_covered": 88.26291079812206, "percent_statements_covered_display": "88"}, "missing_lines": [63, 116, 117, 118, 119, 141, 145, 146, 147, 148, 149, 172, 176, 202, 204, 234, 237, 238, 239, 240, 349, 355, 502, 530, 531], "excluded_lines": [], "functions": {"_sweep_closed_loop_entries": {"executed_lines": [59, 60, 61, 62, 64], "summary": {"covered_lines": 5, "num_statements": 6, "percent_covered": 83.33333333333333, "percent_covered_display": "83", "missing_lines": 1, "excluded_lines": 0, "percent_statements_covered": 83.33333333333333, "percent_statements_covered_display": "83"}, "missing_lines": [63], "excluded_lines": [], "start_line": 54}, "_build_client": {"executed_lines": [74], "summary": {"covered_lines": 1, "num_statements": 1, "percent_covered": 100.0, "percent_covered_display": "100", "missing_lines": 0, "excluded_lines": 0, "percent_statements_covered": 100.0, "percent_statements_covered_display": "100"}, "missing_lines": [], "excluded_lines": [], "start_line": 67}, "_get_client": {"executed_lines": [91, 92, 93, 98, 99, 100, 101, 104, 106, 107, 108, 109, 111, 112, 113, 114, 134, 135, 136, 139, 140, 143, 144, 150], "summary": {"covered_lines": 24, "num_statements": 34, "percent_covered": 70.58823529411765, "percent_covered_display": "71", "missing_lines": 10, "excluded_lines": 0, "percent_statements_covered": 70.58823529411765, "percent_statements_covered_display": "71"}, "missing_lines": [116, 117, 118, 119, 141, 145, 146, 147, 148, 149], "excluded_lines": [], "start_line": 83}, "_acquire_client": {"executed_lines": [162, 163, 164], "summary": {"covered_lines": 3, "num_statements": 3, "percent_covered": 100.0, "percent_covered_display": "100", "missing_lines": 0, "excluded_lines": 0, "percent_statements_covered": 100.0, "percent_statements_covered_display": "100"}, "missing_lines": [], "excluded_lines": [], "start_line": 153}, "_release_client": {"executed_lines": [169, 170, 171], "summary": {"covered_lines": 3, "num_statements": 5, "percent_covered": 60.0, "percent_covered_display": "60", "missing_lines": 2, "excluded_lines": 0, "percent_statements_covered": 60.0, "percent_statements_covered_display": "60"}, "missing_lines": [172, 176], "excluded_lines": [], "start_line": 167}, "_close_all_clients": {"executed_lines": [189, 190, 191, 192, 193, 194, 195, 196, 197, 198, 199, 200, 201, 205, 206, 209], "summary": {"covered_lines": 16, "num_statements": 18, "percent_covered": 88.88888888888889, "percent_covered_display": "89", "missing_lines": 2, "excluded_lines": 0, "percent_statements_covered": 88.88888888888889, "percent_statements_covered_display": "89"}, "missing_lines": [202, 204], "excluded_lines": [], "start_line": 179}, "close_all_clients_sync": {"executed_lines": [221, 222, 223, 224, 228, 229, 230, 231, 232, 233, 241, 242, 243, 244], "summary": {"covered_lines": 14, "num_statements": 19, "percent_covered": 73.6842105263158, "percent_covered_display": "74", "missing_lines": 5, "excluded_lines": 0, "percent_statements_covered": 73.6842105263158, "percent_statements_covered_display": "74"}, "missing_lines": [234, 237, 238, 239, 240], "excluded_lines": [], "start_line": 212}, "_failure_result": {"executed_lines": [255, 256, 257, 258, 259], "summary": {"covered_lines": 5, "num_statements": 5, "percent_covered": 100.0, "percent_covered_display": "100", "missing_lines": 0, "excluded_lines": 0, "percent_statements_covered": 100.0, "percent_statements_covered_display": "100"}, "missing_lines": [], "excluded_lines": [], "start_line": 247}, "_missing_dependency_name": {"executed_lines": [281, 282, 283, 284, 285], "summary": {"covered_lines": 5, "num_statements": 5, "percent_covered": 100.0, "percent_covered_display": "100", "missing_lines": 0, "excluded_lines": 0, "percent_statements_covered": 100.0, "percent_statements_covered_display": "100"}, "missing_lines": [], "excluded_lines": [], "start_line": 278}, "_install_hint": {"executed_lines": [291, 292], "summary": {"covered_lines": 2, "num_statements": 2, "percent_covered": 100.0, "percent_covered_display": "100", "missing_lines": 0, "excluded_lines": 0, "percent_statements_covered": 100.0, "percent_statements_covered_display": "100"}, "missing_lines": [], "excluded_lines": [], "start_line": 288}, "_log_dependency_missing": {"executed_lines": [296, 297, 298, 299, 301, 310, 311, 312], "summary": {"covered_lines": 8, "num_statements": 8, "percent_covered": 100.0, "percent_covered_display": "100", "missing_lines": 0, "excluded_lines": 0, "percent_statements_covered": 100.0, "percent_statements_covered_display": "100"}, "missing_lines": [], "excluded_lines": [], "start_line": 295}, "async_req": {"executed_lines": [342, 343, 344, 348, 362, 363, 370, 371, 372, 373, 383, 386, 397, 398, 400, 401, 409, 410, 420, 429, 432, 433, 434, 435, 436, 438, 440, 441, 442, 450, 451, 452, 458, 466, 468], "summary": {"covered_lines": 35, "num_statements": 37, "percent_covered": 94.5945945945946, "percent_covered_display": "95", "missing_lines": 2, "excluded_lines": 0, "percent_statements_covered": 94.5945945945946, "percent_statements_covered_display": "95"}, "missing_lines": [349, 355], "excluded_lines": [], "start_line": 325}, "_internal_stream_target_reason": {"executed_lines": [498, 500, 501, 503, 504, 505], "summary": {"covered_lines": 6, "num_statements": 7, "percent_covered": 85.71428571428571, "percent_covered_display": "86", "missing_lines": 1, "excluded_lines": 0, "percent_statements_covered": 85.71428571428571, "percent_statements_covered_display": "86"}, "missing_lines": [502], "excluded_lines": [], "start_line": 471}, "get_response_status": {"executed_lines": [526, 527, 529, 534, 535, 536, 539, 546, 547, 555, 556, 557, 558, 559, 560, 567, 568, 571, 572, 574, 583, 584, 592, 593, 597, 605], "summary": {"covered_lines": 26, "num_statements": 28, "percent_covered": 92.85714285714286, "percent_covered_display": "93", "missing_lines": 2, "excluded_lines": 0, "percent_statements_covered": 92.85714285714286, "percent_statements_covered_display": "93"}, "missing_lines": [530, 531], "excluded_lines": [], "start_line": 508}, "": {"executed_lines": [4, 5, 6, 7, 8, 9, 11, 13, 15, 16, 17, 19, 20, 23, 36, 39, 40, 48, 51, 54, 67, 83, 153, 167, 179, 212, 247, 272, 275, 278, 288, 295, 325, 471, 508], "summary": {"covered_lines": 35, "num_statements": 35, "percent_covered": 100.0, "percent_covered_display": "100", "missing_lines": 0, "excluded_lines": 0, "percent_statements_covered": 100.0, "percent_statements_covered_display": "100"}, "missing_lines": [], "excluded_lines": [], "start_line": 1}}, "classes": {"": {"executed_lines": [4, 5, 6, 7, 8, 9, 11, 13, 15, 16, 17, 19, 20, 23, 36, 39, 40, 48, 51, 54, 59, 60, 61, 62, 64, 67, 74, 83, 91, 92, 93, 98, 99, 100, 101, 104, 106, 107, 108, 109, 111, 112, 113, 114, 134, 135, 136, 139, 140, 143, 144, 150, 153, 162, 163, 164, 167, 169, 170, 171, 179, 189, 190, 191, 192, 193, 194, 195, 196, 197, 198, 199, 200, 201, 205, 206, 209, 212, 221, 222, 223, 224, 228, 229, 230, 231, 232, 233, 241, 242, 243, 244, 247, 255, 256, 257, 258, 259, 272, 275, 278, 281, 282, 283, 284, 285, 288, 291, 292, 295, 296, 297, 298, 299, 301, 310, 311, 312, 325, 342, 343, 344, 348, 362, 363, 370, 371, 372, 373, 383, 386, 397, 398, 400, 401, 409, 410, 420, 429, 432, 433, 434, 435, 436, 438, 440, 441, 442, 450, 451, 452, 458, 466, 468, 471, 498, 500, 501, 503, 504, 505, 508, 526, 527, 529, 534, 535, 536, 539, 546, 547, 555, 556, 557, 558, 559, 560, 567, 568, 571, 572, 574, 583, 584, 592, 593, 597, 605], "summary": {"covered_lines": 188, "num_statements": 213, "percent_covered": 88.26291079812206, "percent_covered_display": "88", "missing_lines": 25, "excluded_lines": 0, "percent_statements_covered": 88.26291079812206, "percent_statements_covered_display": "88"}, "missing_lines": [63, 116, 117, 118, 119, 141, 145, 146, 147, 148, 149, 172, 176, 202, 204, 234, 237, 238, 239, 240, 349, 355, 502, 530, 531], "excluded_lines": [], "start_line": 1}}}, "src\\base.py": {"executed_lines": [9, 11, 12, 13, 14, 15, 17, 21, 24, 25, 26, 27, 32, 33, 37, 38, 39, 40, 41, 42, 49, 50, 51, 52, 53, 59, 60, 61, 62, 66, 69, 72, 78, 79, 80, 81, 88, 89, 91, 94, 95, 99, 100, 104, 105, 109, 110, 114, 115, 116], "summary": {"covered_lines": 50, "num_statements": 56, "percent_covered": 89.28571428571429, "percent_covered_display": "89", "missing_lines": 6, "excluded_lines": 0, "percent_statements_covered": 89.28571428571429, "percent_statements_covered_display": "89"}, "missing_lines": [54, 56, 96, 101, 106, 111], "excluded_lines": [], "functions": {"_log_task_exception": {"executed_lines": [50, 51, 52, 53], "summary": {"covered_lines": 4, "num_statements": 6, "percent_covered": 66.66666666666667, "percent_covered_display": "67", "missing_lines": 2, "excluded_lines": 0, "percent_statements_covered": 66.66666666666667, "percent_statements_covered_display": "67"}, "missing_lines": [54, 56], "excluded_lines": [], "start_line": 49}, "spawn_danmaku_task": {"executed_lines": [60, 61, 62], "summary": {"covered_lines": 3, "num_statements": 3, "percent_covered": 100.0, "percent_covered_display": "100", "missing_lines": 0, "excluded_lines": 0, "percent_statements_covered": 100.0, "percent_statements_covered_display": "100"}, "missing_lines": [], "excluded_lines": [], "start_line": 59}, "DanmakuBase.__init__": {"executed_lines": [78, 79, 80, 81], "summary": {"covered_lines": 4, "num_statements": 4, "percent_covered": 100.0, "percent_covered_display": "100", "missing_lines": 0, "excluded_lines": 0, "percent_statements_covered": 100.0, "percent_statements_covered_display": "100"}, "missing_lines": [], "excluded_lines": [], "start_line": 72}, "DanmakuBase._on_reconnect": {"executed_lines": [89, 91], "summary": {"covered_lines": 2, "num_statements": 2, "percent_covered": 100.0, "percent_covered_display": "100", "missing_lines": 0, "excluded_lines": 0, "percent_statements_covered": 100.0, "percent_statements_covered_display": "100"}, "missing_lines": [], "excluded_lines": [], "start_line": 88}, "DanmakuBase.start": {"executed_lines": [], "summary": {"covered_lines": 0, "num_statements": 1, "percent_covered": 0.0, "percent_covered_display": "0", "missing_lines": 1, "excluded_lines": 0, "percent_statements_covered": 0.0, "percent_statements_covered_display": "0"}, "missing_lines": [96], "excluded_lines": [], "start_line": 95}, "DanmakuBase.stop": {"executed_lines": [], "summary": {"covered_lines": 0, "num_statements": 1, "percent_covered": 0.0, "percent_covered_display": "0", "missing_lines": 1, "excluded_lines": 0, "percent_statements_covered": 0.0, "percent_statements_covered_display": "0"}, "missing_lines": [101], "excluded_lines": [], "start_line": 100}, "DanmakuBase.heartbeat": {"executed_lines": [], "summary": {"covered_lines": 0, "num_statements": 1, "percent_covered": 0.0, "percent_covered_display": "0", "missing_lines": 1, "excluded_lines": 0, "percent_statements_covered": 0.0, "percent_statements_covered_display": "0"}, "missing_lines": [106], "excluded_lines": [], "start_line": 105}, "DanmakuBase.decode_message": {"executed_lines": [], "summary": {"covered_lines": 0, "num_statements": 1, "percent_covered": 0.0, "percent_covered_display": "0", "missing_lines": 1, "excluded_lines": 0, "percent_statements_covered": 0.0, "percent_statements_covered_display": "0"}, "missing_lines": [111], "excluded_lines": [], "start_line": 110}, "DanmakuBase._emit": {"executed_lines": [115, 116], "summary": {"covered_lines": 2, "num_statements": 2, "percent_covered": 100.0, "percent_covered_display": "100", "missing_lines": 0, "excluded_lines": 0, "percent_statements_covered": 100.0, "percent_statements_covered_display": "100"}, "missing_lines": [], "excluded_lines": [], "start_line": 114}, "": {"executed_lines": [9, 11, 12, 13, 14, 15, 17, 21, 24, 25, 26, 27, 32, 33, 37, 38, 39, 40, 41, 42, 49, 59, 66, 69, 72, 88, 94, 95, 99, 100, 104, 105, 109, 110, 114], "summary": {"covered_lines": 35, "num_statements": 35, "percent_covered": 100.0, "percent_covered_display": "100", "missing_lines": 0, "excluded_lines": 0, "percent_statements_covered": 100.0, "percent_statements_covered_display": "100"}, "missing_lines": [], "excluded_lines": [], "start_line": 1}}, "classes": {"DanmakuMessageType": {"executed_lines": [], "summary": {"covered_lines": 0, "num_statements": 0, "percent_covered": 100.0, "percent_covered_display": "100", "missing_lines": 0, "excluded_lines": 0, "percent_statements_covered": 100.0, "percent_statements_covered_display": "100"}, "missing_lines": [], "excluded_lines": [], "start_line": 21}, "DanmakuMessage": {"executed_lines": [], "summary": {"covered_lines": 0, "num_statements": 0, "percent_covered": 100.0, "percent_covered_display": "100", "missing_lines": 0, "excluded_lines": 0, "percent_statements_covered": 100.0, "percent_statements_covered_display": "100"}, "missing_lines": [], "excluded_lines": [], "start_line": 33}, "DanmakuBase": {"executed_lines": [78, 79, 80, 81, 89, 91, 115, 116], "summary": {"covered_lines": 8, "num_statements": 12, "percent_covered": 66.66666666666667, "percent_covered_display": "67", "missing_lines": 4, "excluded_lines": 0, "percent_statements_covered": 66.66666666666667, "percent_statements_covered_display": "67"}, "missing_lines": [96, 101, 106, 111], "excluded_lines": [], "start_line": 66}, "": {"executed_lines": [9, 11, 12, 13, 14, 15, 17, 21, 24, 25, 26, 27, 32, 33, 37, 38, 39, 40, 41, 42, 49, 50, 51, 52, 53, 59, 60, 61, 62, 66, 69, 72, 88, 94, 95, 99, 100, 104, 105, 109, 110, 114], "summary": {"covered_lines": 42, "num_statements": 44, "percent_covered": 95.45454545454545, "percent_covered_display": "95", "missing_lines": 2, "excluded_lines": 0, "percent_statements_covered": 95.45454545454545, "percent_statements_covered_display": "95"}, "missing_lines": [54, 56], "excluded_lines": [], "start_line": 1}}}, "src\\collector.py": {"executed_lines": [12, 14, 15, 16, 17, 18, 20, 21, 22, 23, 24, 25, 30, 33, 37, 43, 46, 48, 51, 53, 54, 60, 64, 80, 81, 83, 86, 90, 91, 92, 93, 94, 96, 97, 98, 99, 100, 101, 102, 107, 108, 117, 118, 119, 124, 127, 128, 129, 130, 132, 138, 142, 143, 145, 148, 149, 150, 158, 159, 162, 163, 164, 165, 174, 175, 177, 178, 179, 180, 181, 182, 183, 184, 187, 195, 196, 204, 209, 210, 211, 212, 215, 216, 217, 218, 219, 220, 221, 222, 228, 229, 230, 231, 232, 233, 246, 247, 248, 249, 251, 252, 253, 254, 256, 257, 258, 259, 263, 264, 272, 273, 274, 276, 277, 278, 279, 291, 292, 295, 304, 305, 306, 307, 308, 309, 310, 311, 313, 314, 320, 321, 324, 327, 328, 329, 332, 353, 354, 355, 358, 359, 360, 362, 365, 369, 372, 373, 374, 379, 380, 386, 387, 392, 393, 394, 395, 402, 403, 404, 410, 411, 417, 420, 421, 423, 424, 428, 438, 449, 450, 459, 460, 464, 465, 472, 473, 474, 478, 479, 480, 485, 486, 487, 488, 489, 490, 491, 492, 494, 495, 496, 514, 516, 517, 521, 522, 523, 524, 526, 530, 533, 537, 538, 550, 551, 552, 553, 554, 562, 568, 569, 570, 571, 572, 581, 582, 583], "summary": {"covered_lines": 217, "num_statements": 260, "percent_covered": 83.46153846153847, "percent_covered_display": "83", "missing_lines": 43, "excluded_lines": 0, "percent_statements_covered": 83.46153846153847, "percent_statements_covered_display": "83"}, "missing_lines": [133, 137, 144, 151, 152, 213, 214, 234, 235, 275, 280, 283, 312, 333, 334, 337, 340, 388, 391, 429, 430, 451, 452, 453, 454, 455, 456, 458, 461, 463, 475, 497, 498, 499, 500, 501, 509, 510, 525, 539, 540, 541, 542], "excluded_lines": [], "functions": {"DanmakuCollector.__init__": {"executed_lines": [80, 81, 83, 86, 90, 91, 92, 93, 94, 96, 97, 98, 99, 100, 101, 102, 107, 108, 117, 118, 119, 124], "summary": {"covered_lines": 22, "num_statements": 22, "percent_covered": 100.0, "percent_covered_display": "100", "missing_lines": 0, "excluded_lines": 0, "percent_statements_covered": 100.0, "percent_statements_covered_display": "100"}, "missing_lines": [], "excluded_lines": [], "start_line": 64}, "DanmakuCollector._monitor_hub": {"executed_lines": [128, 129, 130, 132, 138], "summary": {"covered_lines": 5, "num_statements": 7, "percent_covered": 71.42857142857143, "percent_covered_display": "71", "missing_lines": 2, "excluded_lines": 0, "percent_statements_covered": 71.42857142857143, "percent_statements_covered_display": "71"}, "missing_lines": [133, 137], "excluded_lines": [], "start_line": 127}, "DanmakuCollector.start": {"executed_lines": [143, 145, 148, 149, 150, 158, 159, 162, 163, 164, 165, 174, 175, 177, 178, 179, 180, 181, 182, 183, 184, 187, 195, 196], "summary": {"covered_lines": 24, "num_statements": 27, "percent_covered": 88.88888888888889, "percent_covered_display": "89", "missing_lines": 3, "excluded_lines": 0, "percent_statements_covered": 88.88888888888889, "percent_statements_covered_display": "89"}, "missing_lines": [144, 151, 152], "excluded_lines": [], "start_line": 142}, "DanmakuCollector._rollback_start": {"executed_lines": [209, 210, 211, 212, 215, 216, 217, 218, 219, 220, 221, 222], "summary": {"covered_lines": 12, "num_statements": 14, "percent_covered": 85.71428571428571, "percent_covered_display": "86", "missing_lines": 2, "excluded_lines": 0, "percent_statements_covered": 85.71428571428571, "percent_statements_covered_display": "86"}, "missing_lines": [213, 214], "excluded_lines": [], "start_line": 204}, "DanmakuCollector._join_thread": {"executed_lines": [230, 231, 232, 233], "summary": {"covered_lines": 4, "num_statements": 6, "percent_covered": 66.66666666666667, "percent_covered_display": "67", "missing_lines": 2, "excluded_lines": 0, "percent_statements_covered": 66.66666666666667, "percent_statements_covered_display": "67"}, "missing_lines": [234, 235], "excluded_lines": [], "start_line": 229}, "DanmakuCollector.stop": {"executed_lines": [247, 248, 249, 251, 252, 253, 254, 256, 257, 258, 259, 263, 264, 272, 273, 274, 276, 277, 278, 279, 291, 292, 295, 304, 305, 306, 307, 308, 309, 310, 311, 313, 314, 320, 321], "summary": {"covered_lines": 35, "num_statements": 39, "percent_covered": 89.74358974358974, "percent_covered_display": "90", "missing_lines": 4, "excluded_lines": 0, "percent_statements_covered": 89.74358974358974, "percent_statements_covered_display": "90"}, "missing_lines": [275, 280, 283, 312], "excluded_lines": [], "start_line": 246}, "DanmakuCollector._schedule_stop": {"executed_lines": [327, 362, 365], "summary": {"covered_lines": 3, "num_statements": 3, "percent_covered": 100.0, "percent_covered_display": "100", "missing_lines": 0, "excluded_lines": 0, "percent_statements_covered": 100.0, "percent_statements_covered_display": "100"}, "missing_lines": [], "excluded_lines": [], "start_line": 324}, "DanmakuCollector._schedule_stop._shutdown": {"executed_lines": [328, 329, 332, 353, 354, 355, 358, 359, 360], "summary": {"covered_lines": 9, "num_statements": 13, "percent_covered": 69.23076923076923, "percent_covered_display": "69", "missing_lines": 4, "excluded_lines": 0, "percent_statements_covered": 69.23076923076923, "percent_statements_covered_display": "69"}, "missing_lines": [333, 334, 337, 340], "excluded_lines": [], "start_line": 327}, "DanmakuCollector._run": {"executed_lines": [372, 373, 374, 379, 380, 386, 387, 392, 393, 394, 395, 402, 403, 404, 410, 411, 417, 420, 421, 423, 424, 428, 438, 449, 450, 459, 460, 464, 465], "summary": {"covered_lines": 29, "num_statements": 42, "percent_covered": 69.04761904761905, "percent_covered_display": "69", "missing_lines": 13, "excluded_lines": 0, "percent_statements_covered": 69.04761904761905, "percent_statements_covered_display": "69"}, "missing_lines": [388, 391, 429, 430, 451, 452, 453, 454, 455, 456, 458, 461, 463], "excluded_lines": [], "start_line": 369}, "DanmakuCollector._srt_writer_loop": {"executed_lines": [473, 474, 478, 479, 480, 485, 486, 487, 488, 489, 490, 491, 492, 494, 495, 496], "summary": {"covered_lines": 16, "num_statements": 24, "percent_covered": 66.66666666666667, "percent_covered_display": "67", "missing_lines": 8, "excluded_lines": 0, "percent_statements_covered": 66.66666666666667, "percent_statements_covered_display": "67"}, "missing_lines": [475, 497, 498, 499, 500, 501, 509, 510], "excluded_lines": [], "start_line": 472}, "DanmakuCollector._on_message": {"executed_lines": [516, 517, 521, 522, 523, 524, 526, 530, 533, 537, 538], "summary": {"covered_lines": 11, "num_statements": 16, "percent_covered": 68.75, "percent_covered_display": "69", "missing_lines": 5, "excluded_lines": 0, "percent_statements_covered": 68.75, "percent_statements_covered_display": "69"}, "missing_lines": [525, 539, 540, 541, 542], "excluded_lines": [], "start_line": 514}, "DanmakuCollector._on_ready": {"executed_lines": [551, 552, 553, 554], "summary": {"covered_lines": 4, "num_statements": 4, "percent_covered": 100.0, "percent_covered_display": "100", "missing_lines": 0, "excluded_lines": 0, "percent_statements_covered": 100.0, "percent_statements_covered_display": "100"}, "missing_lines": [], "excluded_lines": [], "start_line": 550}, "DanmakuCollector._on_close": {"executed_lines": [568, 569, 570, 571, 572], "summary": {"covered_lines": 5, "num_statements": 5, "percent_covered": 100.0, "percent_covered_display": "100", "missing_lines": 0, "excluded_lines": 0, "percent_statements_covered": 100.0, "percent_statements_covered_display": "100"}, "missing_lines": [], "excluded_lines": [], "start_line": 562}, "DanmakuCollector.message_count": {"executed_lines": [583], "summary": {"covered_lines": 1, "num_statements": 1, "percent_covered": 100.0, "percent_covered_display": "100", "missing_lines": 0, "excluded_lines": 0, "percent_statements_covered": 100.0, "percent_statements_covered_display": "100"}, "missing_lines": [], "excluded_lines": [], "start_line": 582}, "": {"executed_lines": [12, 14, 15, 16, 17, 18, 20, 21, 22, 23, 24, 25, 30, 33, 37, 43, 46, 48, 51, 53, 54, 60, 64, 127, 142, 204, 228, 229, 246, 324, 369, 472, 514, 550, 562, 581, 582], "summary": {"covered_lines": 37, "num_statements": 37, "percent_covered": 100.0, "percent_covered_display": "100", "missing_lines": 0, "excluded_lines": 0, "percent_statements_covered": 100.0, "percent_statements_covered_display": "100"}, "missing_lines": [], "excluded_lines": [], "start_line": 1}}, "classes": {"DanmakuCollector": {"executed_lines": [80, 81, 83, 86, 90, 91, 92, 93, 94, 96, 97, 98, 99, 100, 101, 102, 107, 108, 117, 118, 119, 124, 128, 129, 130, 132, 138, 143, 145, 148, 149, 150, 158, 159, 162, 163, 164, 165, 174, 175, 177, 178, 179, 180, 181, 182, 183, 184, 187, 195, 196, 209, 210, 211, 212, 215, 216, 217, 218, 219, 220, 221, 222, 230, 231, 232, 233, 247, 248, 249, 251, 252, 253, 254, 256, 257, 258, 259, 263, 264, 272, 273, 274, 276, 277, 278, 279, 291, 292, 295, 304, 305, 306, 307, 308, 309, 310, 311, 313, 314, 320, 321, 327, 328, 329, 332, 353, 354, 355, 358, 359, 360, 362, 365, 372, 373, 374, 379, 380, 386, 387, 392, 393, 394, 395, 402, 403, 404, 410, 411, 417, 420, 421, 423, 424, 428, 438, 449, 450, 459, 460, 464, 465, 473, 474, 478, 479, 480, 485, 486, 487, 488, 489, 490, 491, 492, 494, 495, 496, 516, 517, 521, 522, 523, 524, 526, 530, 533, 537, 538, 551, 552, 553, 554, 568, 569, 570, 571, 572, 583], "summary": {"covered_lines": 180, "num_statements": 223, "percent_covered": 80.71748878923766, "percent_covered_display": "81", "missing_lines": 43, "excluded_lines": 0, "percent_statements_covered": 80.71748878923766, "percent_statements_covered_display": "81"}, "missing_lines": [133, 137, 144, 151, 152, 213, 214, 234, 235, 275, 280, 283, 312, 333, 334, 337, 340, 388, 391, 429, 430, 451, 452, 453, 454, 455, 456, 458, 461, 463, 475, 497, 498, 499, 500, 501, 509, 510, 525, 539, 540, 541, 542], "excluded_lines": [], "start_line": 60}, "": {"executed_lines": [12, 14, 15, 16, 17, 18, 20, 21, 22, 23, 24, 25, 30, 33, 37, 43, 46, 48, 51, 53, 54, 60, 64, 127, 142, 204, 228, 229, 246, 324, 369, 472, 514, 550, 562, 581, 582], "summary": {"covered_lines": 37, "num_statements": 37, "percent_covered": 100.0, "percent_covered_display": "100", "missing_lines": 0, "excluded_lines": 0, "percent_statements_covered": 100.0, "percent_statements_covered_display": "100"}, "missing_lines": [], "excluded_lines": [], "start_line": 1}}}, "src\\config_bool.py": {"executed_lines": [20, 22, 28, 29, 35, 38, 39, 40, 41, 42, 43, 44, 45, 46, 47, 53, 54], "summary": {"covered_lines": 17, "num_statements": 17, "percent_covered": 100.0, "percent_covered_display": "100", "missing_lines": 0, "excluded_lines": 0, "percent_statements_covered": 100.0, "percent_statements_covered_display": "100"}, "missing_lines": [], "excluded_lines": [], "functions": {"parse_config_bool": {"executed_lines": [38, 39, 40, 41, 42, 43, 44, 45, 46, 47], "summary": {"covered_lines": 10, "num_statements": 10, "percent_covered": 100.0, "percent_covered_display": "100", "missing_lines": 0, "excluded_lines": 0, "percent_statements_covered": 100.0, "percent_statements_covered_display": "100"}, "missing_lines": [], "excluded_lines": [], "start_line": 35}, "format_config_bool": {"executed_lines": [54], "summary": {"covered_lines": 1, "num_statements": 1, "percent_covered": 100.0, "percent_covered_display": "100", "missing_lines": 0, "excluded_lines": 0, "percent_statements_covered": 100.0, "percent_statements_covered_display": "100"}, "missing_lines": [], "excluded_lines": [], "start_line": 53}, "": {"executed_lines": [20, 22, 28, 29, 35, 53], "summary": {"covered_lines": 6, "num_statements": 6, "percent_covered": 100.0, "percent_covered_display": "100", "missing_lines": 0, "excluded_lines": 0, "percent_statements_covered": 100.0, "percent_statements_covered_display": "100"}, "missing_lines": [], "excluded_lines": [], "start_line": 1}}, "classes": {"": {"executed_lines": [20, 22, 28, 29, 35, 38, 39, 40, 41, 42, 43, 44, 45, 46, 47, 53, 54], "summary": {"covered_lines": 17, "num_statements": 17, "percent_covered": 100.0, "percent_covered_display": "100", "missing_lines": 0, "excluded_lines": 0, "percent_statements_covered": 100.0, "percent_statements_covered_display": "100"}, "missing_lines": [], "excluded_lines": [], "start_line": 1}}}, "src\\config_io.py": {"executed_lines": [2, 3, 4, 5, 6, 7, 8, 10, 12, 13, 14, 15, 16, 34, 35, 36, 37, 38, 39, 42, 43, 44, 47, 48, 49, 50, 51, 52, 53, 54, 55, 60, 61, 62, 63, 64, 67, 68, 71, 72, 73, 74, 75, 76, 77, 78, 79, 80, 84, 85, 86, 87, 88, 89, 90, 93, 94, 96, 97, 108, 109, 110, 111, 112, 117, 120, 121, 122, 123, 124, 125, 127, 128, 129, 130, 131, 132, 133, 134, 135, 136, 137, 138, 140, 141, 142, 143, 147, 148, 149, 151, 152, 156, 158, 159, 161, 162, 163, 164, 165, 166, 167, 168, 170, 171, 172, 175, 176, 177, 178, 179, 180, 183, 184, 191, 193, 194, 198, 199, 200, 201, 202, 210, 211, 212, 213, 214, 215, 216, 217, 218, 222, 224, 225, 226, 228, 229, 230, 235, 238, 239, 240, 241, 242, 243, 244, 245, 246, 247, 248, 249, 250, 253, 254, 256, 264, 265, 266, 269, 270, 271, 272, 281, 282, 291, 295, 296, 300, 302, 303, 304, 305, 306, 310, 311, 312, 313, 314, 315, 324, 325, 335, 336, 337, 338, 339, 340, 341, 342, 343, 344, 345, 346, 347, 348, 349, 350, 352, 353, 354, 360, 361, 362, 363, 364, 368, 369, 370, 371, 373, 374, 375, 377, 378, 379, 380, 381, 382, 383, 385, 387, 388, 390, 391, 392, 394, 395, 396, 397, 398, 400, 401, 402, 404, 405, 410, 411, 412, 414, 415, 416, 417, 418, 419, 420, 422, 423, 424, 425, 426, 427, 428, 431], "summary": {"covered_lines": 253, "num_statements": 254, "percent_covered": 99.60629921259843, "percent_covered_display": "99", "missing_lines": 1, "excluded_lines": 0, "percent_statements_covered": 99.60629921259843, "percent_statements_covered_display": "99"}, "missing_lines": [255], "excluded_lines": [], "functions": {"_rewrite_line_by_match": {"executed_lines": [35, 36, 37, 38, 39, 42, 43, 44, 47, 48, 49, 50, 51, 52, 53, 54, 55], "summary": {"covered_lines": 17, "num_statements": 17, "percent_covered": 100.0, "percent_covered_display": "100", "missing_lines": 0, "excluded_lines": 0, "percent_statements_covered": 100.0, "percent_statements_covered_display": "100"}, "missing_lines": [], "excluded_lines": [], "start_line": 34}, "update_file": {"executed_lines": [61, 62, 63, 64, 67, 68, 71, 72, 73, 74, 75, 76, 77, 78, 79, 80, 84, 85, 86, 87, 88, 89, 90, 93, 94, 96, 97], "summary": {"covered_lines": 27, "num_statements": 27, "percent_covered": 100.0, "percent_covered_display": "100", "missing_lines": 0, "excluded_lines": 0, "percent_statements_covered": 100.0, "percent_statements_covered_display": "100"}, "missing_lines": [], "excluded_lines": [], "start_line": 60}, "_atomic_write_text": {"executed_lines": [109, 110, 111, 112], "summary": {"covered_lines": 4, "num_statements": 4, "percent_covered": 100.0, "percent_covered_display": "100", "missing_lines": 0, "excluded_lines": 0, "percent_statements_covered": 100.0, "percent_statements_covered_display": "100"}, "missing_lines": [], "excluded_lines": [], "start_line": 108}, "update_anchor_name": {"executed_lines": [120, 121, 122, 123, 124, 125, 127, 128, 129, 130, 131, 132, 133, 134, 135, 136, 137, 138, 140, 141, 142, 143, 147, 148, 149, 151, 152], "summary": {"covered_lines": 27, "num_statements": 27, "percent_covered": 100.0, "percent_covered_display": "100", "missing_lines": 0, "excluded_lines": 0, "percent_statements_covered": 100.0, "percent_statements_covered_display": "100"}, "missing_lines": [], "excluded_lines": [], "start_line": 117}, "_rewrite_anchor_field": {"executed_lines": [158, 159, 161, 162, 163, 164, 165, 166, 167, 168, 170, 171, 172, 175, 176, 177, 178, 179, 180, 183, 184], "summary": {"covered_lines": 21, "num_statements": 21, "percent_covered": 100.0, "percent_covered_display": "100", "missing_lines": 0, "excluded_lines": 0, "percent_statements_covered": 100.0, "percent_statements_covered_display": "100"}, "missing_lines": [], "excluded_lines": [], "start_line": 156}, "delete_line": {"executed_lines": [193, 194, 198, 199, 200, 201, 202, 210, 211, 212, 213, 214, 215, 216, 217, 218, 222, 224, 225, 226, 228, 229, 230], "summary": {"covered_lines": 23, "num_statements": 23, "percent_covered": 100.0, "percent_covered_display": "100", "missing_lines": 0, "excluded_lines": 0, "percent_statements_covered": 100.0, "percent_statements_covered_display": "100"}, "missing_lines": [], "excluded_lines": [], "start_line": 191}, "read_config_value": {"executed_lines": [238, 239, 240, 241, 242, 243, 244, 245, 246, 247, 248, 249, 250, 253, 254, 256, 264, 265, 266, 269, 270, 271, 272, 281, 282], "summary": {"covered_lines": 25, "num_statements": 26, "percent_covered": 96.15384615384616, "percent_covered_display": "96", "missing_lines": 1, "excluded_lines": 0, "percent_statements_covered": 96.15384615384616, "percent_statements_covered_display": "96"}, "missing_lines": [255], "excluded_lines": [], "start_line": 235}, "read_config_bool": {"executed_lines": [295, 296], "summary": {"covered_lines": 2, "num_statements": 2, "percent_covered": 100.0, "percent_covered_display": "100", "missing_lines": 0, "excluded_lines": 0, "percent_statements_covered": 100.0, "percent_statements_covered_display": "100"}, "missing_lines": [], "excluded_lines": [], "start_line": 291}, "_safe_int": {"executed_lines": [302, 303, 304, 305, 306], "summary": {"covered_lines": 5, "num_statements": 5, "percent_covered": 100.0, "percent_covered_display": "100", "missing_lines": 0, "excluded_lines": 0, "percent_statements_covered": 100.0, "percent_statements_covered_display": "100"}, "missing_lines": [], "excluded_lines": [], "start_line": 300}, "_safe_float": {"executed_lines": [311, 312, 313, 314, 315], "summary": {"covered_lines": 5, "num_statements": 5, "percent_covered": 100.0, "percent_covered_display": "100", "missing_lines": 0, "excluded_lines": 0, "percent_statements_covered": 100.0, "percent_statements_covered_display": "100"}, "missing_lines": [], "excluded_lines": [], "start_line": 310}, "_backup_mask_secrets": {"executed_lines": [325], "summary": {"covered_lines": 1, "num_statements": 1, "percent_covered": 100.0, "percent_covered_display": "100", "missing_lines": 0, "excluded_lines": 0, "percent_statements_covered": 100.0, "percent_statements_covered_display": "100"}, "missing_lines": [], "excluded_lines": [], "start_line": 324}, "_redact_ini_secrets": {"executed_lines": [336, 337, 338, 339, 340, 341, 342, 343, 344, 345, 346, 347, 348, 349, 350, 352, 353, 354], "summary": {"covered_lines": 18, "num_statements": 18, "percent_covered": 100.0, "percent_covered_display": "100", "missing_lines": 0, "excluded_lines": 0, "percent_statements_covered": 100.0, "percent_statements_covered_display": "100"}, "missing_lines": [], "excluded_lines": [], "start_line": 335}, "_harden_permissions": {"executed_lines": [361, 362, 363, 364], "summary": {"covered_lines": 4, "num_statements": 4, "percent_covered": 100.0, "percent_covered_display": "100", "missing_lines": 0, "excluded_lines": 0, "percent_statements_covered": 100.0, "percent_statements_covered_display": "100"}, "missing_lines": [], "excluded_lines": [], "start_line": 360}, "backup_file": {"executed_lines": [369, 370, 371, 373, 374, 375, 377, 378, 379, 380, 381, 382, 383, 385, 387, 388, 390, 391, 392, 394, 395, 396, 397, 398, 400, 401, 402, 404, 405], "summary": {"covered_lines": 29, "num_statements": 29, "percent_covered": 100.0, "percent_covered_display": "100", "missing_lines": 0, "excluded_lines": 0, "percent_statements_covered": 100.0, "percent_statements_covered_display": "100"}, "missing_lines": [], "excluded_lines": [], "start_line": 368}, "backup_file_start": {"executed_lines": [411, 412, 414, 415, 416, 417, 418, 419, 420, 422, 423, 424, 425, 426, 427, 428, 431], "summary": {"covered_lines": 17, "num_statements": 17, "percent_covered": 100.0, "percent_covered_display": "100", "missing_lines": 0, "excluded_lines": 0, "percent_statements_covered": 100.0, "percent_statements_covered_display": "100"}, "missing_lines": [], "excluded_lines": [], "start_line": 410}, "": {"executed_lines": [2, 3, 4, 5, 6, 7, 8, 10, 12, 13, 14, 15, 16, 34, 60, 108, 117, 156, 191, 235, 291, 300, 310, 324, 335, 360, 368, 410], "summary": {"covered_lines": 28, "num_statements": 28, "percent_covered": 100.0, "percent_covered_display": "100", "missing_lines": 0, "excluded_lines": 0, "percent_statements_covered": 100.0, "percent_statements_covered_display": "100"}, "missing_lines": [], "excluded_lines": [], "start_line": 1}}, "classes": {"": {"executed_lines": [2, 3, 4, 5, 6, 7, 8, 10, 12, 13, 14, 15, 16, 34, 35, 36, 37, 38, 39, 42, 43, 44, 47, 48, 49, 50, 51, 52, 53, 54, 55, 60, 61, 62, 63, 64, 67, 68, 71, 72, 73, 74, 75, 76, 77, 78, 79, 80, 84, 85, 86, 87, 88, 89, 90, 93, 94, 96, 97, 108, 109, 110, 111, 112, 117, 120, 121, 122, 123, 124, 125, 127, 128, 129, 130, 131, 132, 133, 134, 135, 136, 137, 138, 140, 141, 142, 143, 147, 148, 149, 151, 152, 156, 158, 159, 161, 162, 163, 164, 165, 166, 167, 168, 170, 171, 172, 175, 176, 177, 178, 179, 180, 183, 184, 191, 193, 194, 198, 199, 200, 201, 202, 210, 211, 212, 213, 214, 215, 216, 217, 218, 222, 224, 225, 226, 228, 229, 230, 235, 238, 239, 240, 241, 242, 243, 244, 245, 246, 247, 248, 249, 250, 253, 254, 256, 264, 265, 266, 269, 270, 271, 272, 281, 282, 291, 295, 296, 300, 302, 303, 304, 305, 306, 310, 311, 312, 313, 314, 315, 324, 325, 335, 336, 337, 338, 339, 340, 341, 342, 343, 344, 345, 346, 347, 348, 349, 350, 352, 353, 354, 360, 361, 362, 363, 364, 368, 369, 370, 371, 373, 374, 375, 377, 378, 379, 380, 381, 382, 383, 385, 387, 388, 390, 391, 392, 394, 395, 396, 397, 398, 400, 401, 402, 404, 405, 410, 411, 412, 414, 415, 416, 417, 418, 419, 420, 422, 423, 424, 425, 426, 427, 428, 431], "summary": {"covered_lines": 253, "num_statements": 254, "percent_covered": 99.60629921259843, "percent_covered_display": "99", "missing_lines": 1, "excluded_lines": 0, "percent_statements_covered": 99.60629921259843, "percent_statements_covered_display": "99"}, "missing_lines": [255], "excluded_lines": [], "start_line": 1}}}, "src\\cookie_cache.py": {"executed_lines": [45, 46, 47, 48, 50, 52, 53, 54, 56, 59, 62, 64, 69, 72, 75, 78, 82, 83, 86, 88, 89, 92, 95, 96, 97, 98, 99, 100, 101, 104, 111, 112, 113, 115, 116, 117, 118, 119, 125, 143, 144, 145, 148, 149, 150, 154, 155, 156, 157, 158, 160, 161, 162, 164, 165, 166, 167, 180, 181, 182, 183, 184, 192, 195, 203, 206, 207, 208, 209, 222, 223, 224, 225, 226, 232, 233, 234, 235, 236, 239, 250, 253, 264, 265, 268, 270, 271, 272, 274, 275, 276, 277, 278, 283, 300, 305, 306, 307, 308, 310, 311, 312, 313, 314, 316, 317, 318, 320, 322, 323, 324, 339, 340, 341, 342, 343, 344, 345, 353, 362, 363, 367, 368, 369, 370, 371, 372, 373, 376, 379, 380, 381, 384, 387, 390, 392, 393, 394, 395, 396, 399, 405, 406, 407, 408], "summary": {"covered_lines": 145, "num_statements": 172, "percent_covered": 84.30232558139535, "percent_covered_display": "84", "missing_lines": 27, "excluded_lines": 0, "percent_statements_covered": 84.30232558139535, "percent_statements_covered_display": "84"}, "missing_lines": [120, 122, 159, 168, 171, 177, 211, 212, 215, 216, 217, 218, 219, 279, 280, 315, 325, 326, 332, 354, 356, 357, 358, 359, 360, 382, 383], "excluded_lines": [], "functions": {"_make_key": {"executed_lines": [82, 83], "summary": {"covered_lines": 2, "num_statements": 2, "percent_covered": 100.0, "percent_covered_display": "100", "missing_lines": 0, "excluded_lines": 0, "percent_statements_covered": 100.0, "percent_statements_covered_display": "100"}, "missing_lines": [], "excluded_lines": [], "start_line": 78}, "_get_cached_entry": {"executed_lines": [88, 89], "summary": {"covered_lines": 2, "num_statements": 2, "percent_covered": 100.0, "percent_covered_display": "100", "missing_lines": 0, "excluded_lines": 0, "percent_statements_covered": 100.0, "percent_statements_covered_display": "100"}, "missing_lines": [], "excluded_lines": [], "start_line": 86}, "get_cached": {"executed_lines": [95, 96, 97, 98, 99, 100, 101], "summary": {"covered_lines": 7, "num_statements": 7, "percent_covered": 100.0, "percent_covered_display": "100", "missing_lines": 0, "excluded_lines": 0, "percent_statements_covered": 100.0, "percent_statements_covered_display": "100"}, "missing_lines": [], "excluded_lines": [], "start_line": 92}, "_deliver": {"executed_lines": [111, 115, 116, 117, 118, 119], "summary": {"covered_lines": 6, "num_statements": 8, "percent_covered": 75.0, "percent_covered_display": "75", "missing_lines": 2, "excluded_lines": 0, "percent_statements_covered": 75.0, "percent_statements_covered_display": "75"}, "missing_lines": [120, 122], "excluded_lines": [], "start_line": 104}, "_deliver._set": {"executed_lines": [112, 113], "summary": {"covered_lines": 2, "num_statements": 2, "percent_covered": 100.0, "percent_covered_display": "100", "missing_lines": 0, "excluded_lines": 0, "percent_statements_covered": 100.0, "percent_statements_covered_display": "100"}, "missing_lines": [], "excluded_lines": [], "start_line": 111}, "fetch_cookies": {"executed_lines": [143, 144, 145, 148, 149, 150, 154, 155, 156, 157, 158, 160, 161, 162, 164, 165, 166, 167, 180, 181, 182, 183, 184, 192, 195, 203, 206, 207, 208, 209, 222, 223, 224, 225, 226, 232, 233, 234, 235, 236], "summary": {"covered_lines": 40, "num_statements": 51, "percent_covered": 78.43137254901961, "percent_covered_display": "78", "missing_lines": 11, "excluded_lines": 0, "percent_statements_covered": 78.43137254901961, "percent_statements_covered_display": "78"}, "missing_lines": [159, 168, 171, 177, 211, 212, 215, 216, 217, 218, 219], "excluded_lines": [], "start_line": 125}, "get_cookie_str": {"executed_lines": [250, 253], "summary": {"covered_lines": 2, "num_statements": 2, "percent_covered": 100.0, "percent_covered_display": "100", "missing_lines": 0, "excluded_lines": 0, "percent_statements_covered": 100.0, "percent_statements_covered_display": "100"}, "missing_lines": [], "excluded_lines": [], "start_line": 239}, "_deliver_generic": {"executed_lines": [270, 274, 275, 276, 277, 278], "summary": {"covered_lines": 6, "num_statements": 8, "percent_covered": 75.0, "percent_covered_display": "75", "missing_lines": 2, "excluded_lines": 0, "percent_statements_covered": 75.0, "percent_statements_covered_display": "75"}, "missing_lines": [279, 280], "excluded_lines": [], "start_line": 268}, "_deliver_generic._set": {"executed_lines": [271, 272], "summary": {"covered_lines": 2, "num_statements": 2, "percent_covered": 100.0, "percent_covered_display": "100", "missing_lines": 0, "excluded_lines": 0, "percent_statements_covered": 100.0, "percent_statements_covered_display": "100"}, "missing_lines": [], "excluded_lines": [], "start_line": 270}, "singleflight": {"executed_lines": [300, 305, 306, 307, 308, 310, 311, 312, 313, 314, 316, 317, 318, 320, 322, 323, 324, 339, 340, 341, 342, 343, 344, 345, 353, 362, 363, 367, 368, 369, 370, 371, 372, 373], "summary": {"covered_lines": 34, "num_statements": 44, "percent_covered": 77.27272727272727, "percent_covered_display": "77", "missing_lines": 10, "excluded_lines": 0, "percent_statements_covered": 77.27272727272727, "percent_statements_covered_display": "77"}, "missing_lines": [315, 325, 326, 332, 354, 356, 357, 358, 359, 360], "excluded_lines": [], "start_line": 283}, "invalidate_generic": {"executed_lines": [379, 380, 381, 384], "summary": {"covered_lines": 4, "num_statements": 6, "percent_covered": 66.66666666666667, "percent_covered_display": "67", "missing_lines": 2, "excluded_lines": 0, "percent_statements_covered": 66.66666666666667, "percent_statements_covered_display": "67"}, "missing_lines": [382, 383], "excluded_lines": [], "start_line": 376}, "invalidate": {"executed_lines": [390, 392, 393, 394, 395, 396], "summary": {"covered_lines": 6, "num_statements": 6, "percent_covered": 100.0, "percent_covered_display": "100", "missing_lines": 0, "excluded_lines": 0, "percent_statements_covered": 100.0, "percent_statements_covered_display": "100"}, "missing_lines": [], "excluded_lines": [], "start_line": 387}, "clear": {"executed_lines": [405, 406, 407, 408], "summary": {"covered_lines": 4, "num_statements": 4, "percent_covered": 100.0, "percent_covered_display": "100", "missing_lines": 0, "excluded_lines": 0, "percent_statements_covered": 100.0, "percent_statements_covered_display": "100"}, "missing_lines": [], "excluded_lines": [], "start_line": 399}, "": {"executed_lines": [45, 46, 47, 48, 50, 52, 53, 54, 56, 59, 62, 64, 69, 72, 75, 78, 86, 92, 104, 125, 239, 264, 265, 268, 283, 376, 387, 399], "summary": {"covered_lines": 28, "num_statements": 28, "percent_covered": 100.0, "percent_covered_display": "100", "missing_lines": 0, "excluded_lines": 0, "percent_statements_covered": 100.0, "percent_statements_covered_display": "100"}, "missing_lines": [], "excluded_lines": [], "start_line": 1}}, "classes": {"": {"executed_lines": [45, 46, 47, 48, 50, 52, 53, 54, 56, 59, 62, 64, 69, 72, 75, 78, 82, 83, 86, 88, 89, 92, 95, 96, 97, 98, 99, 100, 101, 104, 111, 112, 113, 115, 116, 117, 118, 119, 125, 143, 144, 145, 148, 149, 150, 154, 155, 156, 157, 158, 160, 161, 162, 164, 165, 166, 167, 180, 181, 182, 183, 184, 192, 195, 203, 206, 207, 208, 209, 222, 223, 224, 225, 226, 232, 233, 234, 235, 236, 239, 250, 253, 264, 265, 268, 270, 271, 272, 274, 275, 276, 277, 278, 283, 300, 305, 306, 307, 308, 310, 311, 312, 313, 314, 316, 317, 318, 320, 322, 323, 324, 339, 340, 341, 342, 343, 344, 345, 353, 362, 363, 367, 368, 369, 370, 371, 372, 373, 376, 379, 380, 381, 384, 387, 390, 392, 393, 394, 395, 396, 399, 405, 406, 407, 408], "summary": {"covered_lines": 145, "num_statements": 172, "percent_covered": 84.30232558139535, "percent_covered_display": "84", "missing_lines": 27, "excluded_lines": 0, "percent_statements_covered": 84.30232558139535, "percent_statements_covered_display": "84"}, "missing_lines": [120, 122, 159, 168, 171, 177, 211, 212, 215, 216, 217, 218, 219, 279, 280, 315, 325, 326, 332, 354, 356, 357, 358, 359, 360, 382, 383], "excluded_lines": [], "start_line": 1}}}, "src\\danmaku_monitor.py": {"executed_lines": [14, 16, 17, 18, 19, 20, 21, 22, 24, 25, 28, 30, 32, 34, 36, 38, 43, 47, 65, 66, 67, 68, 69, 70, 72, 73, 74, 75, 76, 81, 82, 83, 100, 101, 102, 103, 104, 105, 106, 112, 114, 115, 116, 117, 118, 119, 122, 123, 126, 127, 129, 134, 135, 136, 139, 142, 143, 144, 145, 148, 149, 150, 153, 154, 157, 158, 159, 160, 161, 162, 163, 164, 165, 166, 174, 175, 178, 179, 180, 183, 184, 187, 188, 189, 190, 191, 192, 195, 196, 197, 198, 199, 200, 201, 206, 208, 221, 222, 223, 227, 228, 231, 233, 234, 235, 236, 240, 243, 244, 247, 250, 252, 253, 254, 255, 262, 263, 264, 266, 267, 272, 273, 278, 279, 280, 281, 282, 283, 293, 305, 306, 307, 308, 309, 310, 311, 331, 332, 333, 334, 335, 336, 337, 362, 363, 364, 365, 366, 367, 392, 393, 394, 398, 399, 400, 401, 402, 403, 404, 405, 406, 407, 408, 409, 410, 412, 413, 415, 417, 420, 426, 440, 441, 442, 443, 444, 445, 447, 448, 462, 463, 464, 467, 487, 488, 489, 508, 509, 510, 513, 514, 515, 516, 517, 518, 520, 523, 524, 525, 526, 527, 528, 531, 532, 533, 534, 537, 538, 539, 540, 541, 544, 545, 554, 555, 556, 557, 558, 559, 565, 566, 567, 568, 570, 571, 572, 574, 575, 577, 579, 581, 583, 584, 586, 587, 592, 593, 601, 602, 603, 604, 605, 606, 607, 611, 612, 613, 614, 615, 616, 617, 618, 619, 620, 621, 622, 645, 650, 665, 666, 667, 668, 683, 684, 685, 686, 687, 688, 689, 697, 698, 699, 700, 701, 713, 714, 715, 716, 718, 719, 720, 733, 734, 735, 736, 737, 738, 739, 745, 746, 747, 748, 749, 750, 755, 756, 757, 759, 762, 763, 768, 770, 771, 772, 773, 779, 780, 781, 782, 787, 788, 789, 790, 793, 794, 795, 796], "summary": {"covered_lines": 317, "num_statements": 383, "percent_covered": 82.76762402088772, "percent_covered_display": "83", "missing_lines": 66, "excluded_lines": 0, "percent_statements_covered": 82.76762402088772, "percent_statements_covered_display": "83"}, "missing_lines": [77, 80, 84, 88, 90, 91, 92, 93, 95, 96, 107, 108, 167, 168, 169, 170, 171, 209, 212, 265, 294, 295, 320, 321, 347, 348, 377, 378, 416, 418, 427, 428, 465, 466, 473, 474, 482, 535, 536, 569, 576, 578, 580, 582, 588, 589, 590, 591, 635, 637, 669, 671, 690, 691, 692, 702, 705, 717, 721, 722, 725, 740, 742, 751, 752, 758], "excluded_lines": [], "functions": {"_append_sidecar_line": {"executed_lines": [66, 67, 68, 69, 70, 72, 73, 74, 75, 76, 81, 82, 83], "summary": {"covered_lines": 13, "num_statements": 23, "percent_covered": 56.52173913043478, "percent_covered_display": "57", "missing_lines": 10, "excluded_lines": 0, "percent_statements_covered": 56.52173913043478, "percent_statements_covered_display": "57"}, "missing_lines": [77, 80, 84, 88, 90, 91, 92, 93, 95, 96], "excluded_lines": [], "start_line": 65}, "_close_sidecar_handle": {"executed_lines": [101, 102, 103, 104, 105, 106], "summary": {"covered_lines": 6, "num_statements": 8, "percent_covered": 75.0, "percent_covered_display": "75", "missing_lines": 2, "excluded_lines": 0, "percent_statements_covered": 75.0, "percent_statements_covered_display": "75"}, "missing_lines": [107, 108], "excluded_lines": [], "start_line": 100}, "_SidecarWriter.__init__": {"executed_lines": [115, 116, 117, 118, 119, 122, 123, 126, 127, 129], "summary": {"covered_lines": 10, "num_statements": 10, "percent_covered": 100.0, "percent_covered_display": "100", "missing_lines": 0, "excluded_lines": 0, "percent_statements_covered": 100.0, "percent_statements_covered_display": "100"}, "missing_lines": [], "excluded_lines": [], "start_line": 114}, "_SidecarWriter.suspend": {"executed_lines": [135, 136, 139], "summary": {"covered_lines": 3, "num_statements": 3, "percent_covered": 100.0, "percent_covered_display": "100", "missing_lines": 0, "excluded_lines": 0, "percent_statements_covered": 100.0, "percent_statements_covered_display": "100"}, "missing_lines": [], "excluded_lines": [], "start_line": 134}, "_SidecarWriter.resume": {"executed_lines": [143, 144, 145], "summary": {"covered_lines": 3, "num_statements": 3, "percent_covered": 100.0, "percent_covered_display": "100", "missing_lines": 0, "excluded_lines": 0, "percent_statements_covered": 100.0, "percent_statements_covered_display": "100"}, "missing_lines": [], "excluded_lines": [], "start_line": 142}, "_SidecarWriter.is_suspended": {"executed_lines": [149, 150], "summary": {"covered_lines": 2, "num_statements": 2, "percent_covered": 100.0, "percent_covered_display": "100", "missing_lines": 0, "excluded_lines": 0, "percent_statements_covered": 100.0, "percent_statements_covered_display": "100"}, "missing_lines": [], "excluded_lines": [], "start_line": 148}, "_SidecarWriter.submit": {"executed_lines": [154, 157, 158, 159, 160, 161, 162, 163, 164, 165, 166, 174, 175], "summary": {"covered_lines": 13, "num_statements": 18, "percent_covered": 72.22222222222223, "percent_covered_display": "72", "missing_lines": 5, "excluded_lines": 0, "percent_statements_covered": 72.22222222222223, "percent_statements_covered_display": "72"}, "missing_lines": [167, 168, 169, 170, 171], "excluded_lines": [], "start_line": 153}, "_SidecarWriter.drain": {"executed_lines": [179, 180], "summary": {"covered_lines": 2, "num_statements": 2, "percent_covered": 100.0, "percent_covered_display": "100", "missing_lines": 0, "excluded_lines": 0, "percent_statements_covered": 100.0, "percent_statements_covered_display": "100"}, "missing_lines": [], "excluded_lines": [], "start_line": 178}, "_SidecarWriter.open_handle": {"executed_lines": [184], "summary": {"covered_lines": 1, "num_statements": 1, "percent_covered": 100.0, "percent_covered_display": "100", "missing_lines": 0, "excluded_lines": 0, "percent_statements_covered": 100.0, "percent_statements_covered_display": "100"}, "missing_lines": [], "excluded_lines": [], "start_line": 183}, "_SidecarWriter._ensure_thread": {"executed_lines": [188, 189, 190, 191, 192], "summary": {"covered_lines": 5, "num_statements": 5, "percent_covered": 100.0, "percent_covered_display": "100", "missing_lines": 0, "excluded_lines": 0, "percent_statements_covered": 100.0, "percent_statements_covered_display": "100"}, "missing_lines": [], "excluded_lines": [], "start_line": 187}, "_SidecarWriter._loop": {"executed_lines": [196, 197, 198, 199, 200, 201, 206, 208, 221, 222, 223], "summary": {"covered_lines": 11, "num_statements": 13, "percent_covered": 84.61538461538461, "percent_covered_display": "85", "missing_lines": 2, "excluded_lines": 0, "percent_statements_covered": 84.61538461538461, "percent_statements_covered_display": "85"}, "missing_lines": [209, 212], "excluded_lines": [], "start_line": 195}, "_get_sidecar": {"executed_lines": [233, 234, 235, 236], "summary": {"covered_lines": 4, "num_statements": 4, "percent_covered": 100.0, "percent_covered_display": "100", "missing_lines": 0, "excluded_lines": 0, "percent_statements_covered": 100.0, "percent_statements_covered_display": "100"}, "missing_lines": [], "excluded_lines": [], "start_line": 231}, "DanmakuMonitorHub.__init__": {"executed_lines": [244, 247, 250, 252, 253, 254, 255], "summary": {"covered_lines": 7, "num_statements": 7, "percent_covered": 100.0, "percent_covered_display": "100", "missing_lines": 0, "excluded_lines": 0, "percent_statements_covered": 100.0, "percent_statements_covered_display": "100"}, "missing_lines": [], "excluded_lines": [], "start_line": 243}, "DanmakuMonitorHub._file": {"executed_lines": [264, 266, 267], "summary": {"covered_lines": 3, "num_statements": 4, "percent_covered": 75.0, "percent_covered_display": "75", "missing_lines": 1, "excluded_lines": 0, "percent_statements_covered": 75.0, "percent_statements_covered_display": "75"}, "missing_lines": [265], "excluded_lines": [], "start_line": 263}, "DanmakuMonitorHub.flush": {"executed_lines": [273], "summary": {"covered_lines": 1, "num_statements": 1, "percent_covered": 100.0, "percent_covered_display": "100", "missing_lines": 0, "excluded_lines": 0, "percent_statements_covered": 100.0, "percent_statements_covered_display": "100"}, "missing_lines": [], "excluded_lines": [], "start_line": 272}, "DanmakuMonitorHub.room_started": {"executed_lines": [279, 280, 281, 282, 283, 293], "summary": {"covered_lines": 6, "num_statements": 8, "percent_covered": 75.0, "percent_covered_display": "75", "missing_lines": 2, "excluded_lines": 0, "percent_statements_covered": 75.0, "percent_statements_covered_display": "75"}, "missing_lines": [294, 295], "excluded_lines": [], "start_line": 278}, "DanmakuMonitorHub.room_connected": {"executed_lines": [306, 307, 308, 309, 310, 311], "summary": {"covered_lines": 6, "num_statements": 8, "percent_covered": 75.0, "percent_covered_display": "75", "missing_lines": 2, "excluded_lines": 0, "percent_statements_covered": 75.0, "percent_statements_covered_display": "75"}, "missing_lines": [320, 321], "excluded_lines": [], "start_line": 305}, "DanmakuMonitorHub.room_closed": {"executed_lines": [332, 333, 334, 335, 336, 337], "summary": {"covered_lines": 6, "num_statements": 8, "percent_covered": 75.0, "percent_covered_display": "75", "missing_lines": 2, "excluded_lines": 0, "percent_statements_covered": 75.0, "percent_statements_covered_display": "75"}, "missing_lines": [347, 348], "excluded_lines": [], "start_line": 331}, "DanmakuMonitorHub.room_stopped": {"executed_lines": [363, 364, 365, 366, 367], "summary": {"covered_lines": 5, "num_statements": 7, "percent_covered": 71.42857142857143, "percent_covered_display": "71", "missing_lines": 2, "excluded_lines": 0, "percent_statements_covered": 71.42857142857143, "percent_statements_covered_display": "71"}, "missing_lines": [377, 378], "excluded_lines": [], "start_line": 362}, "DanmakuMonitorHub.room_message": {"executed_lines": [393, 394, 398, 399, 400, 401, 402, 403, 404, 405, 406, 407, 408, 409, 410, 412, 413, 415, 417, 420, 426], "summary": {"covered_lines": 21, "num_statements": 25, "percent_covered": 84.0, "percent_covered_display": "84", "missing_lines": 4, "excluded_lines": 0, "percent_statements_covered": 84.0, "percent_statements_covered_display": "84"}, "missing_lines": [416, 418, 427, 428], "excluded_lines": [], "start_line": 392}, "DanmakuMonitorHub.snapshot": {"executed_lines": [441, 442, 443, 444, 445, 447, 448, 462, 463, 464, 467], "summary": {"covered_lines": 11, "num_statements": 16, "percent_covered": 68.75, "percent_covered_display": "69", "missing_lines": 5, "excluded_lines": 0, "percent_statements_covered": 68.75, "percent_statements_covered_display": "69"}, "missing_lines": [465, 466, 473, 474, 482], "excluded_lines": [], "start_line": 440}, "DanmakuMonitorHub._default_state": {"executed_lines": [489], "summary": {"covered_lines": 1, "num_statements": 1, "percent_covered": 100.0, "percent_covered_display": "100", "missing_lines": 0, "excluded_lines": 0, "percent_statements_covered": 100.0, "percent_statements_covered_display": "100"}, "missing_lines": [], "excluded_lines": [], "start_line": 488}, "DanmakuMonitorHub._next_seq": {"executed_lines": [509, 510], "summary": {"covered_lines": 2, "num_statements": 2, "percent_covered": 100.0, "percent_covered_display": "100", "missing_lines": 0, "excluded_lines": 0, "percent_statements_covered": 100.0, "percent_statements_covered_display": "100"}, "missing_lines": [], "excluded_lines": [], "start_line": 508}, "DanmakuMonitorHub._bump_rate": {"executed_lines": [515, 516, 517, 518, 520], "summary": {"covered_lines": 5, "num_statements": 5, "percent_covered": 100.0, "percent_covered_display": "100", "missing_lines": 0, "excluded_lines": 0, "percent_statements_covered": 100.0, "percent_statements_covered_display": "100"}, "missing_lines": [], "excluded_lines": [], "start_line": 514}, "DanmakuMonitorHub._rate_of": {"executed_lines": [525, 526, 527, 528], "summary": {"covered_lines": 4, "num_statements": 4, "percent_covered": 100.0, "percent_covered_display": "100", "missing_lines": 0, "excluded_lines": 0, "percent_statements_covered": 100.0, "percent_statements_covered_display": "100"}, "missing_lines": [], "excluded_lines": [], "start_line": 524}, "DanmakuMonitorHub._allow_stream_sample": {"executed_lines": [533, 534, 537, 538, 539, 540, 541], "summary": {"covered_lines": 7, "num_statements": 9, "percent_covered": 77.77777777777777, "percent_covered_display": "78", "missing_lines": 2, "excluded_lines": 0, "percent_statements_covered": 77.77777777777777, "percent_statements_covered_display": "78"}, "missing_lines": [535, 536], "excluded_lines": [], "start_line": 532}, "DanmakuMonitorHub._emit_message": {"executed_lines": [545, 554, 555, 556, 557, 558, 559], "summary": {"covered_lines": 7, "num_statements": 7, "percent_covered": 100.0, "percent_covered_display": "100", "missing_lines": 0, "excluded_lines": 0, "percent_statements_covered": 100.0, "percent_statements_covered_display": "100"}, "missing_lines": [], "excluded_lines": [], "start_line": 544}, "DanmakuMonitorHub._parse_online": {"executed_lines": [567, 568, 570, 571, 572, 574, 575, 577, 579, 581, 583, 584, 586, 587, 592, 593], "summary": {"covered_lines": 16, "num_statements": 25, "percent_covered": 64.0, "percent_covered_display": "64", "missing_lines": 9, "excluded_lines": 0, "percent_statements_covered": 64.0, "percent_statements_covered_display": "64"}, "missing_lines": [569, 576, 578, 580, 582, 588, 589, 590, 591], "excluded_lines": [], "start_line": 566}, "DanmakuMonitorHub._ensure_stats_thread": {"executed_lines": [602, 603, 604, 605, 606, 607], "summary": {"covered_lines": 6, "num_statements": 6, "percent_covered": 100.0, "percent_covered_display": "100", "missing_lines": 0, "excluded_lines": 0, "percent_statements_covered": 100.0, "percent_statements_covered_display": "100"}, "missing_lines": [], "excluded_lines": [], "start_line": 601}, "DanmakuMonitorHub._stats_loop": {"executed_lines": [612, 613, 614, 615, 616, 617, 618, 619, 620, 621, 622, 645, 650, 665, 666, 667, 668], "summary": {"covered_lines": 17, "num_statements": 21, "percent_covered": 80.95238095238095, "percent_covered_display": "81", "missing_lines": 4, "excluded_lines": 0, "percent_statements_covered": 80.95238095238095, "percent_statements_covered_display": "81"}, "missing_lines": [635, 637, 669, 671], "excluded_lines": [], "start_line": 611}, "DanmakuMonitorHub._prepare_log_path": {"executed_lines": [685, 686, 687, 688, 689], "summary": {"covered_lines": 5, "num_statements": 8, "percent_covered": 62.5, "percent_covered_display": "62", "missing_lines": 3, "excluded_lines": 0, "percent_statements_covered": 62.5, "percent_statements_covered_display": "62"}, "missing_lines": [690, 691, 692], "excluded_lines": [], "start_line": 684}, "DanmakuMonitorHub._write_line": {"executed_lines": [698, 699, 700, 701], "summary": {"covered_lines": 4, "num_statements": 6, "percent_covered": 66.66666666666667, "percent_covered_display": "67", "missing_lines": 2, "excluded_lines": 0, "percent_statements_covered": 66.66666666666667, "percent_statements_covered_display": "67"}, "missing_lines": [702, 705], "excluded_lines": [], "start_line": 697}, "DanmakuMonitorHub.close_file": {"executed_lines": [714, 715, 716, 718, 719, 720], "summary": {"covered_lines": 6, "num_statements": 10, "percent_covered": 60.0, "percent_covered_display": "60", "missing_lines": 4, "excluded_lines": 0, "percent_statements_covered": 60.0, "percent_statements_covered_display": "60"}, "missing_lines": [717, 721, 722, 725], "excluded_lines": [], "start_line": 713}, "DanmakuMonitorHub.suspend_writes": {"executed_lines": [734, 735, 736, 737, 738, 739], "summary": {"covered_lines": 6, "num_statements": 8, "percent_covered": 75.0, "percent_covered_display": "75", "missing_lines": 2, "excluded_lines": 0, "percent_statements_covered": 75.0, "percent_statements_covered_display": "75"}, "missing_lines": [740, 742], "excluded_lines": [], "start_line": 733}, "DanmakuMonitorHub.resume_writes": {"executed_lines": [746, 747, 748, 749, 750], "summary": {"covered_lines": 5, "num_statements": 7, "percent_covered": 71.42857142857143, "percent_covered_display": "71", "missing_lines": 2, "excluded_lines": 0, "percent_statements_covered": 71.42857142857143, "percent_statements_covered_display": "71"}, "missing_lines": [751, 752], "excluded_lines": [], "start_line": 745}, "DanmakuMonitorHub.writes_suspended": {"executed_lines": [756, 757, 759], "summary": {"covered_lines": 3, "num_statements": 4, "percent_covered": 75.0, "percent_covered_display": "75", "missing_lines": 1, "excluded_lines": 0, "percent_statements_covered": 75.0, "percent_statements_covered_display": "75"}, "missing_lines": [758], "excluded_lines": [], "start_line": 755}, "get_hub": {"executed_lines": [770, 771, 772, 773], "summary": {"covered_lines": 4, "num_statements": 4, "percent_covered": 100.0, "percent_covered_display": "100", "missing_lines": 0, "excluded_lines": 0, "percent_statements_covered": 100.0, "percent_statements_covered_display": "100"}, "missing_lines": [], "excluded_lines": [], "start_line": 768}, "close_monitor_file": {"executed_lines": [780, 781, 782], "summary": {"covered_lines": 3, "num_statements": 3, "percent_covered": 100.0, "percent_covered_display": "100", "missing_lines": 0, "excluded_lines": 0, "percent_statements_covered": 100.0, "percent_statements_covered_display": "100"}, "missing_lines": [], "excluded_lines": [], "start_line": 779}, "suspend_monitor_writes": {"executed_lines": [788, 789, 790], "summary": {"covered_lines": 3, "num_statements": 3, "percent_covered": 100.0, "percent_covered_display": "100", "missing_lines": 0, "excluded_lines": 0, "percent_statements_covered": 100.0, "percent_statements_covered_display": "100"}, "missing_lines": [], "excluded_lines": [], "start_line": 787}, "resume_monitor_writes": {"executed_lines": [794, 795, 796], "summary": {"covered_lines": 3, "num_statements": 3, "percent_covered": 100.0, "percent_covered_display": "100", "missing_lines": 0, "excluded_lines": 0, "percent_statements_covered": 100.0, "percent_statements_covered_display": "100"}, "missing_lines": [], "excluded_lines": [], "start_line": 793}, "": {"executed_lines": [14, 16, 17, 18, 19, 20, 21, 22, 24, 25, 28, 30, 32, 34, 36, 38, 43, 47, 65, 100, 112, 114, 134, 142, 148, 153, 178, 183, 187, 195, 227, 228, 231, 240, 243, 262, 263, 272, 278, 305, 331, 362, 392, 440, 487, 488, 508, 513, 514, 523, 524, 531, 532, 544, 565, 566, 601, 611, 683, 684, 697, 713, 733, 745, 755, 762, 763, 768, 779, 787, 793], "summary": {"covered_lines": 71, "num_statements": 71, "percent_covered": 100.0, "percent_covered_display": "100", "missing_lines": 0, "excluded_lines": 0, "percent_statements_covered": 100.0, "percent_statements_covered_display": "100"}, "missing_lines": [], "excluded_lines": [], "start_line": 1}}, "classes": {"_SidecarWriter": {"executed_lines": [115, 116, 117, 118, 119, 122, 123, 126, 127, 129, 135, 136, 139, 143, 144, 145, 149, 150, 154, 157, 158, 159, 160, 161, 162, 163, 164, 165, 166, 174, 175, 179, 180, 184, 188, 189, 190, 191, 192, 196, 197, 198, 199, 200, 201, 206, 208, 221, 222, 223], "summary": {"covered_lines": 50, "num_statements": 57, "percent_covered": 87.71929824561404, "percent_covered_display": "88", "missing_lines": 7, "excluded_lines": 0, "percent_statements_covered": 87.71929824561404, "percent_statements_covered_display": "88"}, "missing_lines": [167, 168, 169, 170, 171, 209, 212], "excluded_lines": [], "start_line": 112}, "DanmakuMonitorHub": {"executed_lines": [244, 247, 250, 252, 253, 254, 255, 264, 266, 267, 273, 279, 280, 281, 282, 283, 293, 306, 307, 308, 309, 310, 311, 332, 333, 334, 335, 336, 337, 363, 364, 365, 366, 367, 393, 394, 398, 399, 400, 401, 402, 403, 404, 405, 406, 407, 408, 409, 410, 412, 413, 415, 417, 420, 426, 441, 442, 443, 444, 445, 447, 448, 462, 463, 464, 467, 489, 509, 510, 515, 516, 517, 518, 520, 525, 526, 527, 528, 533, 534, 537, 538, 539, 540, 541, 545, 554, 555, 556, 557, 558, 559, 567, 568, 570, 571, 572, 574, 575, 577, 579, 581, 583, 584, 586, 587, 592, 593, 602, 603, 604, 605, 606, 607, 612, 613, 614, 615, 616, 617, 618, 619, 620, 621, 622, 645, 650, 665, 666, 667, 668, 685, 686, 687, 688, 689, 698, 699, 700, 701, 714, 715, 716, 718, 719, 720, 734, 735, 736, 737, 738, 739, 746, 747, 748, 749, 750, 756, 757, 759], "summary": {"covered_lines": 160, "num_statements": 207, "percent_covered": 77.29468599033817, "percent_covered_display": "77", "missing_lines": 47, "excluded_lines": 0, "percent_statements_covered": 77.29468599033817, "percent_statements_covered_display": "77"}, "missing_lines": [265, 294, 295, 320, 321, 347, 348, 377, 378, 416, 418, 427, 428, 465, 466, 473, 474, 482, 535, 536, 569, 576, 578, 580, 582, 588, 589, 590, 591, 635, 637, 669, 671, 690, 691, 692, 702, 705, 717, 721, 722, 725, 740, 742, 751, 752, 758], "excluded_lines": [], "start_line": 240}, "": {"executed_lines": [14, 16, 17, 18, 19, 20, 21, 22, 24, 25, 28, 30, 32, 34, 36, 38, 43, 47, 65, 66, 67, 68, 69, 70, 72, 73, 74, 75, 76, 81, 82, 83, 100, 101, 102, 103, 104, 105, 106, 112, 114, 134, 142, 148, 153, 178, 183, 187, 195, 227, 228, 231, 233, 234, 235, 236, 240, 243, 262, 263, 272, 278, 305, 331, 362, 392, 440, 487, 488, 508, 513, 514, 523, 524, 531, 532, 544, 565, 566, 601, 611, 683, 684, 697, 713, 733, 745, 755, 762, 763, 768, 770, 771, 772, 773, 779, 780, 781, 782, 787, 788, 789, 790, 793, 794, 795, 796], "summary": {"covered_lines": 107, "num_statements": 119, "percent_covered": 89.91596638655462, "percent_covered_display": "90", "missing_lines": 12, "excluded_lines": 0, "percent_statements_covered": 89.91596638655462, "percent_statements_covered_display": "90"}, "missing_lines": [77, 80, 84, 88, 90, 91, 92, 93, 95, 96, 107, 108], "excluded_lines": [], "start_line": 1}}}, "src\\ffmpeg_install.py": {"executed_lines": [3, 4, 5, 6, 7, 8, 9, 10, 11, 12, 13, 15, 19, 20, 22, 25, 28, 34, 37, 38, 76, 77, 79, 81, 88, 89, 92, 93, 121, 122, 126, 129, 133, 137, 138, 139, 150, 151, 152, 153, 154, 155, 156, 164, 165, 166, 167, 173, 
[...]
135, 146, 147, 148, 150, 151, 152, 155, 158, 159, 168, 171, 172, 175, 176, 177, 180, 182, 183, 186, 195, 199, 210, 211, 212, 213, 216, 217, 218, 219, 220, 221, 222, 223, 224, 225, 226, 229, 231, 236, 250, 255, 263, 269, 279, 290, 302, 303, 306, 309, 310, 311, 312, 313, 314, 315, 316, 319, 321, 323, 324, 325, 326, 327, 329, 330, 331, 332, 333, 338, 343, 344, 345, 346, 347, 348, 349, 350, 351, 352, 353, 355, 356, 357, 358, 361, 362, 363, 368, 370, 371, 374, 375, 376, 377, 378, 381, 385, 388, 399, 400, 402, 403, 404, 405, 406, 407, 408, 409, 410, 411, 412, 413, 414, 421, 425, 426, 427, 428, 429, 430, 432, 433, 434, 437, 440, 444, 458, 459, 460, 461, 462, 464, 465, 466, 467, 468, 469, 470, 473, 474, 476, 477, 478, 480, 481, 482, 483, 486, 507, 509, 510, 511, 512, 513, 514, 515, 517, 518, 519, 520, 521, 522, 523, 524, 526, 527, 528, 531, 533, 542, 544, 545, 546, 551, 553, 557, 558, 559, 572, 574, 575, 579, 581, 587, 594, 597, 601, 602, 605, 609, 610, 613, 614, 615, 620, 621, 629, 630, 636, 643, 644, 648, 649, 650, 651, 652, 653, 660, 661, 667, 668, 669, 670, 671, 672, 673, 677, 678, 679, 680, 681, 682, 683, 687, 690, 691, 692, 693, 694, 695, 698, 699, 706, 707, 713, 714, 715, 716, 717, 723, 724, 725, 726, 727, 730, 731, 732, 733, 734, 737, 738, 739, 740, 741, 742, 743, 744, 747, 750, 751, 752, 754, 755, 756, 757, 758, 759, 760, 768, 769, 771, 772, 773, 775, 776, 779, 780, 782, 783, 784, 785, 786, 787, 788, 790, 791, 792, 794, 797, 798, 799, 820, 821, 826, 827, 828, 829, 830, 831, 832, 833, 835, 836, 838, 841, 843, 844, 845, 846, 847, 848, 849, 850, 851, 854, 855, 856, 857, 861, 862, 865, 866, 873, 876, 880, 881, 882, 883, 884, 885, 886, 889, 892, 893, 894, 895, 896, 897, 898, 901, 908, 909, 911, 912, 913, 914, 915, 916, 918, 919, 920, 921, 934, 935, 938, 941, 942, 947, 952, 953, 954, 955, 956, 957, 961, 962, 963, 964, 966, 967, 969, 970, 971, 973, 975, 976, 977, 978, 981, 982, 983, 985, 986, 987, 988, 989, 990, 991, 992, 995, 1002, 1003, 1004, 1005, 1007, 1008, 1009, 1012, 1022, 1023, 1024, 1025, 1032, 1033, 1034, 1035, 1036, 1037, 1038, 1041, 1042, 1043, 1044, 1045, 1046, 1047, 1048, 1052, 1061, 1070, 1071, 1074, 1077, 1078, 1079, 1080, 1081, 1082, 1083, 1088, 1091, 1094, 1095, 1096, 1099, 1102, 1105, 1116, 1117, 1118, 1119, 1120, 1121, 1123, 1124, 1126, 1127, 1128, 1133, 1134, 1136, 1142, 1145, 1153, 1154, 1155, 1156, 1158, 1159, 1160, 1161, 1162, 1163, 1164, 1165, 1166, 1167, 1168, 1169, 1170, 1171, 1172, 1173, 1174, 1175, 1176, 1183, 1184, 1185, 1191, 1192, 1193, 1194, 1199, 1200, 1201, 1202, 1203, 1204, 1205, 1208, 1209, 1212, 1217, 1218, 1220, 1222, 1223, 1224, 1225, 1226, 1227, 1228, 1229, 1230, 1231, 1232, 1233, 1234, 1235, 1237, 1238, 1239, 1240, 1241, 1243, 1245, 1246, 1252, 1253, 1254, 1255, 1256, 1262, 1263, 1269, 1272, 1275, 1276, 1277, 1279, 1280, 1283, 1285, 1286, 1287, 1290, 1292, 1295, 1297, 1298, 1299, 1300, 1301, 1302, 1303, 1304, 1309, 1312], "summary": {"covered_lines": 611, "num_statements": 655, "percent_covered": 93.2824427480916, "percent_covered_display": "93", "missing_lines": 44, "excluded_lines": 0, "percent_statements_covered": 93.2824427480916, "percent_statements_covered_display": "93"}, "missing_lines": [91, 92, 112, 143, 144, 153, 156, 196, 322, 334, 335, 359, 364, 365, 372, 420, 431, 441, 463, 475, 479, 735, 770, 777, 837, 858, 859, 910, 943, 944, 968, 972, 984, 1006, 1186, 1187, 1188, 1189, 1190, 1195, 1196, 1219, 1305, 1308], "excluded_lines": [], "start_line": 1}}}, "src\\web_tray.py": {"executed_lines": [16, 18, 19, 20, 22, 32, 36, 37, 38, 39, 40, 41, 42, 43, 45, 46, 47, 48, 53, 54, 57, 60, 61, 62, 63, 64, 65, 67, 69, 70, 71, 72, 73, 76, 79, 80, 81, 82, 83, 84, 86, 87, 88, 89, 90, 91, 100, 101, 102, 103, 104, 105, 106, 107, 108, 109, 110, 111, 112, 115, 117, 118, 119, 120, 121, 122, 124, 126, 127, 128, 129, 130, 131, 133, 135, 136, 137, 138, 144, 146, 150, 156, 157, 158, 159, 161, 163, 164, 165, 166, 167, 168, 172, 175, 176, 177, 178, 181, 182, 183, 184, 186, 187, 188, 189, 191, 202, 203, 204, 205, 206, 210, 211, 213, 215, 216, 217, 218, 219, 224, 225, 230, 231, 232, 233, 234, 238, 240, 241, 242, 243, 244, 245, 246, 247, 248, 249, 250, 252, 254, 255, 257, 259, 261, 262, 263, 264, 265], "summary": {"covered_lines": 148, "num_statements": 148, "percent_covered": 100.0, "percent_covered_display": "100", "missing_lines": 0, "excluded_lines": 8, "percent_statements_covered": 100.0, "percent_statements_covered_display": "100"}, "missing_lines": [], "excluded_lines": [24, 25, 27, 28, 29, 139, 140, 141], "functions": {"_get_kernel32": {"executed_lines": [60, 61, 62, 63, 64, 65, 67, 69, 70, 71, 72, 73], "summary": {"covered_lines": 12, "num_statements": 12, "percent_covered": 100.0, "percent_covered_display": "100", "missing_lines": 0, "excluded_lines": 0, "percent_statements_covered": 100.0, "percent_statements_covered_display": "100"}, "missing_lines": [], "excluded_lines": [], "start_line": 57}, "_get_user32": {"executed_lines": [79, 80, 81, 82, 83, 84, 86, 87, 88, 89, 90, 91, 100, 101, 102, 103, 104, 105, 106, 107, 108, 109, 110, 111, 112], "summary": {"covered_lines": 25, "num_statements": 25, "percent_covered": 100.0, "percent_covered_display": "100", "missing_lines": 0, "excluded_lines": 0, "percent_statements_covered": 100.0, "percent_statements_covered_display": "100"}, "missing_lines": [], "excluded_lines": [], "start_line": 76}, "WebConsoleTray.__init__": {"executed_lines": [126, 127, 128, 129, 130, 131], "summary": {"covered_lines": 6, "num_statements": 6, "percent_covered": 100.0, "percent_covered_display": "100", "missing_lines": 0, "excluded_lines": 0, "percent_statements_covered": 100.0, "percent_statements_covered_display": "100"}, "missing_lines": [], "excluded_lines": [], "start_line": 124}, "WebConsoleTray.start": {"executed_lines": [135, 136, 137, 138, 144, 146, 150, 156, 157, 158, 159], "summary": {"covered_lines": 11, "num_statements": 11, "percent_covered": 100.0, "percent_covered_display": "100", "missing_lines": 0, "excluded_lines": 3, "percent_statements_covered": 100.0, "percent_statements_covered_display": "100"}, "missing_lines": [], "excluded_lines": [139, 140, 141], "start_line": 133}, "WebConsoleTray.stop": {"executed_lines": [163, 164, 165, 166, 167, 168], "summary": {"covered_lines": 6, "num_statements": 6, "percent_covered": 100.0, "percent_covered_display": "100", "missing_lines": 0, "excluded_lines": 0, "percent_statements_covered": 100.0, "percent_statements_covered_display": "100"}, "missing_lines": [], "excluded_lines": [], "start_line": 161}, "WebConsoleTray._patch_console_window": {"executed_lines": [175, 176, 177, 178, 181, 182, 183, 184, 186, 187, 188, 189, 191, 202, 203, 204, 205, 206], "summary": {"covered_lines": 18, "num_statements": 18, "percent_covered": 100.0, "percent_covered_display": "100", "missing_lines": 0, "excluded_lines": 0, "percent_statements_covered": 100.0, "percent_statements_covered_display": "100"}, "missing_lines": [], "excluded_lines": [], "start_line": 172}, "WebConsoleTray._create_icon_image": {"executed_lines": [213, 215, 216, 217, 218, 219, 224, 225, 230, 231, 232, 233, 234], "summary": {"covered_lines": 13, "num_statements": 13, "percent_covered": 100.0, "percent_covered_display": "100", "missing_lines": 0, "excluded_lines": 0, "percent_statements_covered": 100.0, "percent_statements_covered_display": "100"}, "missing_lines": [], "excluded_lines": [], "start_line": 211}, "WebConsoleTray._on_show": {"executed_lines": [240, 241, 242, 243, 244, 245, 246, 247, 248, 249, 250], "summary": {"covered_lines": 11, "num_statements": 11, "percent_covered": 100.0, "percent_covered_display": "100", "missing_lines": 0, "excluded_lines": 0, "percent_statements_covered": 100.0, "percent_statements_covered_display": "100"}, "missing_lines": [], "excluded_lines": [], "start_line": 238}, "WebConsoleTray._on_exit": {"executed_lines": [254, 255, 257, 259, 261, 262, 263, 264, 265], "summary": {"covered_lines": 9, "num_statements": 9, "percent_covered": 100.0, "percent_covered_display": "100", "missing_lines": 0, "excluded_lines": 0, "percent_statements_covered": 100.0, "percent_statements_covered_display": "100"}, "missing_lines": [], "excluded_lines": [], "start_line": 252}, "": {"executed_lines": [16, 18, 19, 20, 22, 32, 36, 37, 38, 39, 40, 41, 42, 43, 45, 46, 47, 48, 53, 54, 57, 76, 115, 117, 118, 119, 120, 121, 122, 124, 133, 161, 172, 210, 211, 238, 252], "summary": {"covered_lines": 37, "num_statements": 37, "percent_covered": 100.0, "percent_covered_display": "100", "missing_lines": 0, "excluded_lines": 5, "percent_statements_covered": 100.0, "percent_statements_covered_display": "100"}, "missing_lines": [], "excluded_lines": [24, 25, 27, 28, 29], "start_line": 1}}, "classes": {"WebConsoleTray": {"executed_lines": [126, 127, 128, 129, 130, 131, 135, 136, 137, 138, 144, 146, 150, 156, 157, 158, 159, 163, 164, 165, 166, 167, 168, 175, 176, 177, 178, 181, 182, 183, 184, 186, 187, 188, 189, 191, 202, 203, 204, 205, 206, 213, 215, 216, 217, 218, 219, 224, 225, 230, 231, 232, 233, 234, 240, 241, 242, 243, 244, 245, 246, 247, 248, 249, 250, 254, 255, 257, 259, 261, 262, 263, 264, 265], "summary": {"covered_lines": 74, "num_statements": 74, "percent_covered": 100.0, "percent_covered_display": "100", "missing_lines": 0, "excluded_lines": 3, "percent_statements_covered": 100.0, "percent_statements_covered_display": "100"}, "missing_lines": [], "excluded_lines": [139, 140, 141], "start_line": 115}, "": {"executed_lines": [16, 18, 19, 20, 22, 32, 36, 37, 38, 39, 40, 41, 42, 43, 45, 46, 47, 48, 53, 54, 57, 60, 61, 62, 63, 64, 65, 67, 69, 70, 71, 72, 73, 76, 79, 80, 81, 82, 83, 84, 86, 87, 88, 89, 90, 91, 100, 101, 102, 103, 104, 105, 106, 107, 108, 109, 110, 111, 112, 115, 117, 118, 119, 120, 121, 122, 124, 133, 161, 172, 210, 211, 238, 252], "summary": {"covered_lines": 74, "num_statements": 74, "percent_covered": 100.0, "percent_covered_display": "100", "missing_lines": 0, "excluded_lines": 5, "percent_statements_covered": 100.0, "percent_statements_covered_display": "100"}, "missing_lines": [], "excluded_lines": [24, 25, 27, 28, 29], "start_line": 1}}}, "src\\ws_client.py": {"executed_lines": [13, 15, 16, 17, 18, 19, 20, 22, 24, 26, 27, 28, 32, 37, 42, 43, 46, 49, 52, 58, 61, 67, 68, 69, 70, 74, 80, 81, 83, 84, 85, 88, 89, 91, 97, 98, 100, 101, 102, 103, 104, 106, 108, 112, 115, 116, 117, 118, 119, 122, 131, 132, 133, 134, 135, 139, 143, 160, 161, 162, 163, 164, 165, 166, 167, 168, 169, 170, 171, 176, 178, 180, 181, 182, 184, 190, 191, 194, 198, 199, 200, 202, 206, 209, 210, 211, 212, 228, 234, 235, 237, 238, 239, 240, 243, 249, 250, 271, 272, 273, 274, 278, 285, 297, 298, 299, 300, 301, 306, 307, 308, 309, 310, 311, 313, 314, 316, 317, 320, 321, 323, 324, 325, 326, 327, 329, 341, 342, 343, 344, 345, 352, 353, 354, 355, 356, 357, 361, 362, 363, 367, 368, 369, 370, 374, 394, 395, 396, 397, 403, 404, 405, 406, 407, 408, 415, 416, 417, 418, 419, 421, 422, 423, 424, 428, 429, 430, 438, 444, 445, 446, 452, 459, 460, 461, 462, 463, 477, 478, 479, 480, 481, 486], "summary": {"covered_lines": 183, "num_statements": 227, "percent_covered": 80.61674008810573, "percent_covered_display": "81", "missing_lines": 44, "excluded_lines": 0, "percent_statements_covered": 80.61674008810573, "percent_statements_covered_display": "81"}, "missing_lines": [86, 90, 105, 107, 120, 121, 203, 236, 241, 251, 252, 253, 254, 261, 263, 269, 279, 280, 284, 302, 322, 330, 331, 332, 346, 364, 375, 377, 378, 379, 380, 384, 385, 386, 391, 420, 447, 451, 453, 456, 464, 468, 482, 485], "excluded_lines": [], "functions": {"_backoff_delay": {"executed_lines": [68, 69, 70], "summary": {"covered_lines": 3, "num_statements": 3, "percent_covered": 100.0, "percent_covered_display": "100", "missing_lines": 0, "excluded_lines": 0, "percent_statements_covered": 100.0, "percent_statements_covered_display": "100"}, "missing_lines": [], "excluded_lines": [], "start_line": 67}, "decompress_limited": {"executed_lines": [81, 83, 84, 85, 88, 89, 91], "summary": {"covered_lines": 7, "num_statements": 9, "percent_covered": 77.77777777777777, "percent_covered_display": "78", "missing_lines": 2, "excluded_lines": 0, "percent_statements_covered": 77.77777777777777, "percent_statements_covered_display": "78"}, "missing_lines": [86, 90], "excluded_lines": [], "start_line": 80}, "decompress_brotli_limited": {"executed_lines": [98, 100, 101, 102, 103, 104, 106, 108], "summary": {"covered_lines": 8, "num_statements": 10, "percent_covered": 80.0, "percent_covered_display": "80", "missing_lines": 2, "excluded_lines": 0, "percent_statements_covered": 80.0, "percent_statements_covered_display": "80"}, "missing_lines": [105, 107], "excluded_lines": [], "start_line": 97}, "_default_ssl_context": {"executed_lines": [115, 116, 117, 118, 119, 122], "summary": {"covered_lines": 6, "num_statements": 8, "percent_covered": 75.0, "percent_covered_display": "75", "missing_lines": 2, "excluded_lines": 0, "percent_statements_covered": 75.0, "percent_statements_covered_display": "75"}, "missing_lines": [120, 121], "excluded_lines": [], "start_line": 112}, "_conn_is_open": {"executed_lines": [132, 133, 134, 135], "summary": {"covered_lines": 4, "num_statements": 4, "percent_covered": 100.0, "percent_covered_display": "100", "missing_lines": 0, "excluded_lines": 0, "percent_statements_covered": 100.0, "percent_statements_covered_display": "100"}, "missing_lines": [], "excluded_lines": [], "start_line": 131}, "WsClient.__init__": {"executed_lines": [160, 161, 162, 163, 164, 165, 166, 167, 168, 169, 170, 171, 176, 178, 180, 181, 182, 184, 190, 191, 194], "summary": {"covered_lines": 21, "num_statements": 21, "percent_covered": 100.0, "percent_covered_display": "100", "missing_lines": 0, "excluded_lines": 0, "percent_statements_covered": 100.0, "percent_statements_covered_display": "100"}, "missing_lines": [], "excluded_lines": [], "start_line": 143}, "WsClient.connect": {"executed_lines": [199, 200, 202, 206, 209, 210, 211, 212, 228, 234, 235, 237, 238, 239, 240, 243, 249, 250, 271, 272, 273, 274, 278, 285, 297, 298, 299, 300, 301, 306, 307, 308, 309, 310, 311, 313, 314, 316, 317, 320, 321, 323, 324, 325, 326, 327, 329], "summary": {"covered_lines": 47, "num_statements": 65, "percent_covered": 72.3076923076923, "percent_covered_display": "72", "missing_lines": 18, "excluded_lines": 0, "percent_statements_covered": 72.3076923076923, "percent_statements_covered_display": "72"}, "missing_lines": [203, 236, 241, 251, 252, 253, 254, 261, 263, 269, 279, 280, 284, 302, 322, 330, 331, 332], "excluded_lines": [], "start_line": 198}, "WsClient._reset_count_if_healthy": {"executed_lines": [342, 343, 344, 345], "summary": {"covered_lines": 4, "num_statements": 5, "percent_covered": 80.0, "percent_covered_display": "80", "missing_lines": 1, "excluded_lines": 0, "percent_statements_covered": 80.0, "percent_statements_covered_display": "80"}, "missing_lines": [346], "excluded_lines": [], "start_line": 341}, "WsClient._report_close": {"executed_lines": [353, 354, 355, 356, 357], "summary": {"covered_lines": 5, "num_statements": 5, "percent_covered": 100.0, "percent_covered_display": "100", "missing_lines": 0, "excluded_lines": 0, "percent_statements_covered": 100.0, "percent_statements_covered_display": "100"}, "missing_lines": [], "excluded_lines": [], "start_line": 352}, "WsClient.send": {"executed_lines": [362, 363, 367, 368, 369, 370, 374], "summary": {"covered_lines": 7, "num_statements": 17, "percent_covered": 41.1764705882353, "percent_covered_display": "41", "missing_lines": 10, "excluded_lines": 0, "percent_statements_covered": 41.1764705882353, "percent_statements_covered_display": "41"}, "missing_lines": [364, 375, 377, 378, 379, 380, 384, 385, 386, 391], "excluded_lines": [], "start_line": 361}, "WsClient.send_nowait": {"executed_lines": [395, 396, 397, 403, 404, 405, 406, 407, 408], "summary": {"covered_lines": 9, "num_statements": 9, "percent_covered": 100.0, "percent_covered_display": "100", "missing_lines": 0, "excluded_lines": 0, "percent_statements_covered": 100.0, "percent_statements_covered_display": "100"}, "missing_lines": [], "excluded_lines": [], "start_line": 394}, "WsClient._heartbeat_loop": {"executed_lines": [416, 417, 418, 419, 421, 422, 423, 424, 428, 429, 430, 438, 444, 445, 446, 452], "summary": {"covered_lines": 16, "num_statements": 21, "percent_covered": 76.19047619047619, "percent_covered_display": "76", "missing_lines": 5, "excluded_lines": 0, "percent_statements_covered": 76.19047619047619, "percent_statements_covered_display": "76"}, "missing_lines": [420, 447, 451, 453, 456], "excluded_lines": [], "start_line": 415}, "WsClient.close": {"executed_lines": [460, 461, 462, 463], "summary": {"covered_lines": 4, "num_statements": 6, "percent_covered": 66.66666666666667, "percent_covered_display": "67", "missing_lines": 2, "excluded_lines": 0, "percent_statements_covered": 66.66666666666667, "percent_statements_covered_display": "67"}, "missing_lines": [464, 468], "excluded_lines": [], "start_line": 459}, "WsClient.fail": {"executed_lines": [478, 479, 480, 481, 486], "summary": {"covered_lines": 5, "num_statements": 7, "percent_covered": 71.42857142857143, "percent_covered_display": "71", "missing_lines": 2, "excluded_lines": 0, "percent_statements_covered": 71.42857142857143, "percent_statements_covered_display": "71"}, "missing_lines": [482, 485], "excluded_lines": [], "start_line": 477}, "": {"executed_lines": [13, 15, 16, 17, 18, 19, 20, 22, 24, 26, 27, 28, 32, 37, 42, 43, 46, 49, 52, 58, 61, 67, 74, 80, 97, 112, 131, 139, 143, 198, 341, 352, 361, 394, 415, 459, 477], "summary": {"covered_lines": 37, "num_statements": 37, "percent_covered": 100.0, "percent_covered_display": "100", "missing_lines": 0, "excluded_lines": 0, "percent_statements_covered": 100.0, "percent_statements_covered_display": "100"}, "missing_lines": [], "excluded_lines": [], "start_line": 1}}, "classes": {"WsClient": {"executed_lines": [160, 161, 162, 163, 164, 165, 166, 167, 168, 169, 170, 171, 176, 178, 180, 181, 182, 184, 190, 191, 194, 199, 200, 202, 206, 209, 210, 211, 212, 228, 234, 235, 237, 238, 239, 240, 243, 249, 250, 271, 272, 273, 274, 278, 285, 297, 298, 299, 300, 301, 306, 307, 308, 309, 310, 311, 313, 314, 316, 317, 320, 321, 323, 324, 325, 326, 327, 329, 342, 343, 344, 345, 353, 354, 355, 356, 357, 362, 363, 367, 368, 369, 370, 374, 395, 396, 397, 403, 404, 405, 406, 407, 408, 416, 417, 418, 419, 421, 422, 423, 424, 428, 429, 430, 438, 444, 445, 446, 452, 460, 461, 462, 463, 478, 479, 480, 481, 486], "summary": {"covered_lines": 118, "num_statements": 156, "percent_covered": 75.64102564102564, "percent_covered_display": "76", "missing_lines": 38, "excluded_lines": 0, "percent_statements_covered": 75.64102564102564, "percent_statements_covered_display": "76"}, "missing_lines": [203, 236, 241, 251, 252, 253, 254, 261, 263, 269, 279, 280, 284, 302, 322, 330, 331, 332, 346, 364, 375, 377, 378, 379, 380, 384, 385, 386, 391, 420, 447, 451, 453, 456, 464, 468, 482, 485], "excluded_lines": [], "start_line": 139}, "": {"executed_lines": [13, 15, 16, 17, 18, 19, 20, 22, 24, 26, 27, 28, 32, 37, 42, 43, 46, 49, 52, 58, 61, 67, 68, 69, 70, 74, 80, 81, 83, 84, 85, 88, 89, 91, 97, 98, 100, 101, 102, 103, 104, 106, 108, 112, 115, 116, 117, 118, 119, 122, 131, 132, 133, 134, 135, 139, 143, 198, 341, 352, 361, 394, 415, 459, 477], "summary": {"covered_lines": 65, "num_statements": 71, "percent_covered": 91.54929577464789, "percent_covered_display": "92", "missing_lines": 6, "excluded_lines": 0, "percent_statements_covered": 91.54929577464789, "percent_statements_covered_display": "92"}, "missing_lines": [86, 90, 105, 107, 120, 121], "excluded_lines": [], "start_line": 1}}}}, "totals": {"covered_lines": 9682, "num_statements": 11526, "percent_covered": 84.00138816588583, "percent_covered_display": "84", "missing_lines": 1844, "excluded_lines": 30, "percent_statements_covered": 84.00138816588583, "percent_statements_covered_display": "84"}}